-1.7
-encoding
UTF-8
-outxml
-showWeaveInfo
-source
1.7
-target
1.7
-classpath
/Users/lukas/.m2/repository/org/zkoss/zk/zkbind/7.0.0/zkbind-7.0.0.jar:/Users/lukas/.m2/repository/org/zkoss/zk/zul/7.0.0/zul-7.0.0.jar:/Users/lukas/.m2/repository/org/zkoss/zk/zkplus/7.0.0/zkplus-7.0.0.jar:/Users/lukas/.m2/repository/org/zkoss/zk/zhtml/7.0.0/zhtml-7.0.0.jar:/Users/lukas/.m2/repository/org/zkoss/zk/zkspring-core/3.0/zkspring-core-3.0.jar:/Users/lukas/.m2/repository/org/zkoss/common/zcommon/7.0.0/zcommon-7.0.0.jar:/Users/lukas/.m2/repository/org/springframework/spring-aop/4.0.2.RELEASE/spring-aop-4.0.2.RELEASE.jar:/Users/lukas/.m2/repository/org/springframework/spring-aspects/4.0.2.RELEASE/spring-aspects-4.0.2.RELEASE.jar:/Users/lukas/.m2/repository/org/springframework/spring-beans/4.0.2.RELEASE/spring-beans-4.0.2.RELEASE.jar:/Users/lukas/.m2/repository/org/springframework/spring-context/4.0.2.RELEASE/spring-context-4.0.2.RELEASE.jar:/Users/lukas/.m2/repository/org/springframework/spring-context-support/4.0.2.RELEASE/spring-context-support-4.0.2.RELEASE.jar:/Users/lukas/.m2/repository/org/springframework/spring-expression/4.0.2.RELEASE/spring-expression-4.0.2.RELEASE.jar:/Users/lukas/.m2/repository/org/springframework/spring-jdbc/4.0.2.RELEASE/spring-jdbc-4.0.2.RELEASE.jar:/Users/lukas/.m2/repository/org/springframework/spring-oxm/4.0.2.RELEASE/spring-oxm-4.0.2.RELEASE.jar:/Users/lukas/.m2/repository/org/springframework/spring-tx/4.0.2.RELEASE/spring-tx-4.0.2.RELEASE.jar:/Users/lukas/.m2/repository/org/springframework/spring-webmvc/4.0.2.RELEASE/spring-webmvc-4.0.2.RELEASE.jar:/Users/lukas/.m2/repository/org/springframework/spring-test/4.0.2.RELEASE/spring-test-4.0.2.RELEASE.jar:/Users/lukas/.m2/repository/org/springframework/spring-core/4.0.2.RELEASE/spring-core-4.0.2.RELEASE.jar:/Users/lukas/.m2/repository/org/springframework/spring-web/4.0.2.RELEASE/spring-web-4.0.2.RELEASE.jar:/Users/lukas/.m2/repository/org/springframework/spring-orm/4.0.2.RELEASE/spring-orm-4.0.2.RELEASE.jar:/Users/lukas/.m2/repository/org/springframework/data/spring-data-jpa/1.5.0.RELEASE/spring-data-jpa-1.5.0.RELEASE.jar:/Users/lukas/.m2/repository/org/springframework/security/spring-security-core/3.2.1.RELEASE/spring-security-core-3.2.1.RELEASE.jar:/Users/lukas/.m2/repository/org/springframework/security/spring-security-web/3.2.1.RELEASE/spring-security-web-3.2.1.RELEASE.jar:/Users/lukas/.m2/repository/org/springframework/security/spring-security-config/3.2.1.RELEASE/spring-security-config-3.2.1.RELEASE.jar:/Users/lukas/.m2/repository/org/springframework/security/spring-security-taglibs/3.2.1.RELEASE/spring-security-taglibs-3.2.1.RELEASE.jar:/Users/lukas/.m2/repository/org/springframework/ws/spring-ws-core/2.1.4.RELEASE/spring-ws-core-2.1.4.RELEASE.jar:/Users/lukas/.m2/repository/org/springframework/ws/spring-ws-support/2.1.4.RELEASE/spring-ws-support-2.1.4.RELEASE.jar:/Users/lukas/.m2/repository/org/apache/commons/commons-lang3/3.2.1/commons-lang3-3.2.1.jar:/Users/lukas/.m2/repository/commons-io/commons-io/2.4/commons-io-2.4.jar:/Users/lukas/.m2/repository/commons-logging/commons-logging/1.1.3/commons-logging-1.1.3.jar:/Users/lukas/.m2/repository/commons-fileupload/commons-fileupload/1.3.1/commons-fileupload-1.3.1.jar:/Users/lukas/.m2/repository/commons-dbcp/commons-dbcp/1.4/commons-dbcp-1.4.jar:/Users/lukas/.m2/repository/concurrent/concurrent/1.3.4/concurrent-1.3.4.jar:/Users/lukas/.m2/repository/junit/junit/4.11/junit-4.11.jar:/Users/lukas/.m2/repository/javax/servlet/servlet-api/2.5/servlet-api-2.5.jar:/Users/lukas/.m2/repository/org/hibernate/hibernate-entitymanager/4.3.4.Final/hibernate-entitymanager-4.3.4.Final.jar:/Users/lukas/.m2/repository/mysql/mysql-connector-java/5.1.29/mysql-connector-java-5.1.29.jar:/Users/lukas/.m2/repository/org/apache/logging/log4j/log4j-core/2.0-rc1/log4j-core-2.0-rc1.jar:/Users/lukas/.m2/repository/org/apache/logging/log4j/log4j-api/2.0-rc1/log4j-api-2.0-rc1.jar:/Users/lukas/.m2/repository/org/apache/logging/log4j/log4j-slf4j-impl/2.0-rc1/log4j-slf4j-impl-2.0-rc1.jar:/Users/lukas/.m2/repository/log4j/log4j/1.2.16/log4j-1.2.16.jar:/Users/lukas/.m2/repository/org/zkoss/zk/zk/7.0.0/zk-7.0.0.jar:/Users/lukas/.m2/repository/org/zkoss/common/zweb/7.0.0/zweb-7.0.0.jar:/Users/lukas/.m2/repository/commons-codec/commons-codec/1.8/commons-codec-1.8.jar:/Users/lukas/.m2/repository/org/zkoss/common/zel/7.0.0/zel-7.0.0.jar:/Users/lukas/.m2/repository/org/beanshell/bsh/2.0b4/bsh-2.0b4.jar:/Users/lukas/.m2/repository/org/slf4j/slf4j-api/1.7.5/slf4j-api-1.7.5.jar:/Users/lukas/.m2/repository/aopalliance/aopalliance/1.0/aopalliance-1.0.jar:/Users/lukas/.m2/repository/org/aspectj/aspectjweaver/1.7.4/aspectjweaver-1.7.4.jar:/Users/lukas/.m2/repository/org/springframework/data/spring-data-commons/1.7.0.RELEASE/spring-data-commons-1.7.0.RELEASE.jar:/Users/lukas/.m2/repository/org/aspectj/aspectjrt/1.7.4/aspectjrt-1.7.4.jar:/Users/lukas/.m2/repository/org/springframework/security/spring-security-acl/3.2.1.RELEASE/spring-security-acl-3.2.1.RELEASE.jar:/Users/lukas/.m2/repository/org/springframework/ws/spring-xml/2.1.4.RELEASE/spring-xml-2.1.4.RELEASE.jar:/Users/lukas/.m2/repository/wsdl4j/wsdl4j/1.6.1/wsdl4j-1.6.1.jar:/Users/lukas/.m2/repository/javax/xml/stream/stax-api/1.0-2/stax-api-1.0-2.jar:/Users/lukas/.m2/repository/org/springframework/spring-jms/3.2.4.RELEASE/spring-jms-3.2.4.RELEASE.jar:/Users/lukas/.m2/repository/org/jboss/logging/jboss-logging/3.1.3.GA/jboss-logging-3.1.3.GA.jar:/Users/lukas/.m2/repository/org/jboss/logging/jboss-logging-annotations/1.2.0.Beta1/jboss-logging-annotations-1.2.0.Beta1.jar:/Users/lukas/.m2/repository/org/hibernate/hibernate-core/4.3.4.Final/hibernate-core-4.3.4.Final.jar:/Users/lukas/.m2/repository/antlr/antlr/2.7.7/antlr-2.7.7.jar:/Users/lukas/.m2/repository/org/jboss/jandex/1.1.0.Final/jandex-1.1.0.Final.jar:/Users/lukas/.m2/repository/dom4j/dom4j/1.6.1/dom4j-1.6.1.jar:/Users/lukas/.m2/repository/xml-apis/xml-apis/1.0.b2/xml-apis-1.0.b2.jar:/Users/lukas/.m2/repository/org/hibernate/common/hibernate-commons-annotations/4.0.4.Final/hibernate-commons-annotations-4.0.4.Final.jar:/Users/lukas/.m2/repository/org/hibernate/javax/persistence/hibernate-jpa-2.1-api/1.0.0.Final/hibernate-jpa-2.1-api-1.0.0.Final.jar:/Users/lukas/.m2/repository/org/jboss/spec/javax/transaction/jboss-transaction-api_1.2_spec/1.0.0.Final/jboss-transaction-api_1.2_spec-1.0.0.Final.jar:/Users/lukas/.m2/repository/org/javassist/javassist/3.18.1-GA/javassist-3.18.1-GA.jar:/Users/lukas/Heliopora/HELP/Look4/target/classes
-aspectpath
/Users/lukas/.m2/repository/org/springframework/spring-aspects/4.0.2.RELEASE/spring-aspects-4.0.2.RELEASE.jar
-d
/Users/lukas/Heliopora/HELP/Look4/target/classes
/Users/lukas/Heliopora/HELP/Look4/src/main/java/eu/heliopora/look4/application/security/SecureEntity.java
/Users/lukas/Heliopora/HELP/Look4/src/main/java/eu/heliopora/look4/application/users/entities/User.java
/Users/lukas/Heliopora/HELP/Look4/src/main/java/eu/heliopora/look4/application/users/entities/UserAuthenticationDetail.java
/Users/lukas/Heliopora/HELP/Look4/src/main/java/eu/heliopora/look4/application/users/entities/UserBusinessDetail.java
/Users/lukas/Heliopora/HELP/Look4/src/main/java/eu/heliopora/look4/application/users/entities/UserPrivilege.java
/Users/lukas/Heliopora/HELP/Look4/src/main/java/eu/heliopora/look4/application/users/entities/UserRole.java
/Users/lukas/Heliopora/HELP/Look4/src/main/java/eu/heliopora/look4/application/users/repositories/UserAuthenticationDetailsRepository.java
/Users/lukas/Heliopora/HELP/Look4/src/main/java/eu/heliopora/look4/application/utils/IApplicationPropertiesProvider.java
/Users/lukas/Heliopora/HELP/Look4/src/main/java/eu/heliopora/look4/application/utils/IBuildInformationProvider.java
/Users/lukas/Heliopora/HELP/Look4/src/main/java/eu/heliopora/look4/application/utils/ICustomerSpecificPropertiesProvider.java
/Users/lukas/Heliopora/HELP/Look4/src/main/java/eu/heliopora/look4/application/utils/impl/ApplicationSpecificPropertiesProvider.java
/Users/lukas/Heliopora/HELP/Look4/src/main/java/eu/heliopora/look4/application/utils/impl/BuildInformationProvider.java
/Users/lukas/Heliopora/HELP/Look4/src/main/java/eu/heliopora/look4/application/utils/impl/CustomerSpecificPropertiesProvider.java
/Users/lukas/Heliopora/HELP/Look4/src/main/java/eu/heliopora/look4/application/utils/impl/PropertyReader.java
/Users/lukas/Heliopora/HELP/Look4/src/main/java/eu/heliopora/look4/application/utils/IPropertyReader.java
/Users/lukas/Heliopora/HELP/Look4/src/main/java/eu/heliopora/look4/business/organization/entities/OrganizationUnit.java
/Users/lukas/Heliopora/HELP/Look4/src/main/java/eu/heliopora/look4/commons/entities/base/BasePersistentObjectImpl.java
/Users/lukas/Heliopora/HELP/Look4/src/main/java/eu/heliopora/look4/commons/entities/base/PersistentObject.java
/Users/lukas/Heliopora/HELP/Look4/src/main/java/eu/heliopora/look4/commons/exceptions/EntityNotFoundException.java
/Users/lukas/Heliopora/HELP/Look4/src/main/java/eu/heliopora/look4/commons/interfaces/IBuilder.java
/Users/lukas/Heliopora/HELP/Look4/src/main/java/eu/heliopora/look4/commons/persistence/IdGenerator.java
/Users/lukas/Heliopora/HELP/Look4/src/main/java/eu/heliopora/look4/webapp/MyViewModel.java
