[2014-03-12 21:35:20,970] WARN  HHH015016: Encountered a deprecated javax.persistence.spi.PersistenceProvider [org.hibernate.ejb.HibernatePersistence]; use [org.hibernate.jpa.HibernatePersistenceProvider] instead.
[2014-03-12 21:35:20,988] INFO  HHH000204: Processing PersistenceUnitInfo [
	name: Look4
	...]
[2014-03-12 21:35:21,176] INFO  HHH000412: Hibernate Core {4.3.4.Final}
[2014-03-12 21:35:21,181] INFO  HHH000206: hibernate.properties not found
[2014-03-12 21:35:21,183] INFO  HHH000021: Bytecode provider name : javassist
[2014-03-12 21:35:21,515] INFO  HCANN000001: Hibernate Commons Annotations {4.0.4.Final}
[2014-03-12 21:35:23,159] INFO  HHH000400: Using dialect: org.hibernate.dialect.MySQLDialect
[2014-03-12 21:35:23,675] INFO  HHH000397: Using ASTQueryTranslatorFactory
[2014-03-12 21:35:24,682] INFO  HHH000227: Running hbm2ddl schema export
[2014-03-12 21:35:28,662] INFO  HHH000230: Schema export complete
[2014-03-12 21:45:39,243] INFO  HHH000204: Processing PersistenceUnitInfo [
	name: Look4
	...]
[2014-03-12 21:45:39,420] INFO  HHH000412: Hibernate Core {4.3.4.Final}
[2014-03-12 21:45:39,427] INFO  HHH000206: hibernate.properties not found
[2014-03-12 21:45:39,430] INFO  HHH000021: Bytecode provider name : javassist
[2014-03-12 21:45:39,701] INFO  HCANN000001: Hibernate Commons Annotations {4.0.4.Final}
[2014-03-12 21:45:40,733] INFO  HHH000400: Using dialect: org.hibernate.dialect.MySQLDialect
[2014-03-12 21:45:41,045] INFO  HHH000397: Using ASTQueryTranslatorFactory
[2014-03-12 21:45:41,884] INFO  HHH000227: Running hbm2ddl schema export
[2014-03-12 21:45:45,910] INFO  HHH000230: Schema export complete
[2014-03-12 21:59:37,919] INFO  HHH000204: Processing PersistenceUnitInfo [
	name: Look4
	...]
[2014-03-12 21:59:38,482] INFO  HHH000412: Hibernate Core {4.3.4.Final}
[2014-03-12 21:59:38,486] INFO  HHH000206: hibernate.properties not found
[2014-03-12 21:59:38,515] INFO  HHH000021: Bytecode provider name : javassist
[2014-03-12 21:59:39,102] INFO  HCANN000001: Hibernate Commons Annotations {4.0.4.Final}
[2014-03-12 21:59:41,509] INFO  HHH000400: Using dialect: org.hibernate.dialect.MySQLDialect
[2014-03-12 21:59:42,018] INFO  HHH000397: Using ASTQueryTranslatorFactory
[2014-03-12 21:59:43,295] INFO  HHH000227: Running hbm2ddl schema export
[2014-03-12 21:59:49,857] INFO  HHH000230: Schema export complete
[2014-03-12 22:08:43,156] INFO  HHH000204: Processing PersistenceUnitInfo [
	name: Look4
	...]
[2014-03-12 22:08:43,333] INFO  HHH000412: Hibernate Core {4.3.4.Final}
[2014-03-12 22:08:43,337] INFO  HHH000206: hibernate.properties not found
[2014-03-12 22:08:43,339] INFO  HHH000021: Bytecode provider name : javassist
[2014-03-12 22:08:43,607] INFO  HCANN000001: Hibernate Commons Annotations {4.0.4.Final}
[2014-03-12 22:08:44,727] INFO  HHH000400: Using dialect: org.hibernate.dialect.MySQLDialect
[2014-03-12 22:08:45,048] INFO  HHH000397: Using ASTQueryTranslatorFactory
[2014-03-12 22:08:45,683] INFO  HHH000227: Running hbm2ddl schema export
[2014-03-12 22:08:50,513] INFO  HHH000230: Schema export complete
[2014-03-12 22:12:30,759] INFO  HHH000227: Running hbm2ddl schema export
[2014-03-12 22:12:55,748] INFO  HHH000204: Processing PersistenceUnitInfo [
	name: Look4
	...]
[2014-03-12 22:12:55,910] INFO  HHH000412: Hibernate Core {4.3.4.Final}
[2014-03-12 22:12:55,915] INFO  HHH000206: hibernate.properties not found
[2014-03-12 22:12:55,917] INFO  HHH000021: Bytecode provider name : javassist
[2014-03-12 22:12:56,330] INFO  HCANN000001: Hibernate Commons Annotations {4.0.4.Final}
[2014-03-12 22:12:57,312] INFO  HHH000400: Using dialect: org.hibernate.dialect.MySQLDialect
[2014-03-12 22:12:57,633] INFO  HHH000397: Using ASTQueryTranslatorFactory
[2014-03-12 22:12:58,163] INFO  HHH000227: Running hbm2ddl schema export
[2014-03-12 22:12:58,271] ERROR HHH000389: Unsuccessful: alter table organization_unit drop foreign key FK_705xubatc90g39m2unvmui2ou
[2014-03-12 22:12:58,272] ERROR Can't DROP 'FK_705xubatc90g39m2unvmui2ou'; check that column/key exists
[2014-03-12 22:12:58,436] ERROR HHH000389: Unsuccessful: alter table user drop foreign key FK_irpwot3i3apj4vpqruy9lt7m1
[2014-03-12 22:12:58,437] ERROR Can't DROP 'FK_irpwot3i3apj4vpqruy9lt7m1'; check that column/key exists
[2014-03-12 22:12:58,526] ERROR HHH000389: Unsuccessful: alter table user drop foreign key FK_28h671m50x5d15821kkm06kgd
[2014-03-12 22:12:58,526] ERROR Can't DROP 'FK_28h671m50x5d15821kkm06kgd'; check that column/key exists
[2014-03-12 22:12:58,728] ERROR HHH000389: Unsuccessful: alter table user_business_detail_vs_organization_unit drop foreign key FK_gnpf8w4ivwdongnswmks93url
[2014-03-12 22:12:58,728] ERROR Can't DROP 'FK_gnpf8w4ivwdongnswmks93url'; check that column/key exists
[2014-03-12 22:13:02,175] INFO  HHH000230: Schema export complete
[2014-03-12 22:14:11,283] INFO  HHH000227: Running hbm2ddl schema export
[2014-03-12 22:14:13,153] INFO  HHH000230: Schema export complete
[2014-03-12 22:14:16,941] INFO  HHH000204: Processing PersistenceUnitInfo [
	name: Look4
	...]
[2014-03-12 22:14:17,086] INFO  HHH000412: Hibernate Core {4.3.4.Final}
[2014-03-12 22:14:17,091] INFO  HHH000206: hibernate.properties not found
[2014-03-12 22:14:17,094] INFO  HHH000021: Bytecode provider name : javassist
[2014-03-12 22:14:17,342] INFO  HCANN000001: Hibernate Commons Annotations {4.0.4.Final}
[2014-03-12 22:14:18,095] INFO  HHH000400: Using dialect: org.hibernate.dialect.MySQLDialect
[2014-03-12 22:14:18,351] INFO  HHH000397: Using ASTQueryTranslatorFactory
[2014-03-12 22:14:18,982] INFO  HHH000227: Running hbm2ddl schema export
[2014-03-12 22:14:18,999] ERROR HHH000389: Unsuccessful: alter table organization_unit drop foreign key FK_705xubatc90g39m2unvmui2ou
[2014-03-12 22:14:18,999] ERROR Table 'look4.organization_unit' doesn't exist
[2014-03-12 22:14:19,000] ERROR HHH000389: Unsuccessful: alter table user drop foreign key FK_irpwot3i3apj4vpqruy9lt7m1
[2014-03-12 22:14:19,000] ERROR Table 'look4.user' doesn't exist
[2014-03-12 22:14:19,001] ERROR HHH000389: Unsuccessful: alter table user drop foreign key FK_28h671m50x5d15821kkm06kgd
[2014-03-12 22:14:19,001] ERROR Table 'look4.user' doesn't exist
[2014-03-12 22:14:19,001] ERROR HHH000389: Unsuccessful: alter table user_business_detail_vs_organization_unit drop foreign key FK_e0jus9yai696c75cudncar7y5
[2014-03-12 22:14:19,001] ERROR Table 'look4.user_business_detail_vs_organization_unit' doesn't exist
[2014-03-12 22:14:19,002] ERROR HHH000389: Unsuccessful: alter table user_business_detail_vs_organization_unit drop foreign key FK_gnpf8w4ivwdongnswmks93url
[2014-03-12 22:14:19,002] ERROR Table 'look4.user_business_detail_vs_organization_unit' doesn't exist
[2014-03-12 22:14:19,003] ERROR HHH000389: Unsuccessful: alter table user_business_detail_vs_user_role drop foreign key FK_kf4ah6uhkvbbsrlfxo11430qx
[2014-03-12 22:14:19,003] ERROR Table 'look4.user_business_detail_vs_user_role' doesn't exist
[2014-03-12 22:14:19,003] ERROR HHH000389: Unsuccessful: alter table user_business_detail_vs_user_role drop foreign key FK_rvjumektvh396uoh8n2eu5idp
[2014-03-12 22:14:19,003] ERROR Table 'look4.user_business_detail_vs_user_role' doesn't exist
[2014-03-12 22:14:19,004] ERROR HHH000389: Unsuccessful: alter table user_role_vs_user_privilege drop foreign key FK_j0k74v6jbuue13b8vdi8e1fxr
[2014-03-12 22:14:19,004] ERROR Table 'look4.user_role_vs_user_privilege' doesn't exist
[2014-03-12 22:14:19,005] ERROR HHH000389: Unsuccessful: alter table user_role_vs_user_privilege drop foreign key FK_1uxcos32fwgci7ms1suwx7jo1
[2014-03-12 22:14:19,005] ERROR Table 'look4.user_role_vs_user_privilege' doesn't exist
[2014-03-12 22:14:22,071] INFO  HHH000230: Schema export complete
[2014-03-12 22:14:25,634] INFO  HHH000227: Running hbm2ddl schema export
[2014-03-12 22:14:26,733] INFO  HHH000230: Schema export complete
[2014-03-12 22:14:28,824] INFO  HHH000204: Processing PersistenceUnitInfo [
	name: Look4
	...]
[2014-03-12 22:14:29,002] INFO  HHH000412: Hibernate Core {4.3.4.Final}
[2014-03-12 22:14:29,006] INFO  HHH000206: hibernate.properties not found
[2014-03-12 22:14:29,008] INFO  HHH000021: Bytecode provider name : javassist
[2014-03-12 22:15:07,794] INFO  HHH000204: Processing PersistenceUnitInfo [
	name: Look4
	...]
[2014-03-12 22:15:07,923] INFO  HHH000412: Hibernate Core {4.3.4.Final}
[2014-03-12 22:15:07,930] INFO  HHH000206: hibernate.properties not found
[2014-03-12 22:15:07,932] INFO  HHH000021: Bytecode provider name : javassist
[2014-03-12 22:15:08,328] INFO  HCANN000001: Hibernate Commons Annotations {4.0.4.Final}
[2014-03-12 22:15:09,383] INFO  HHH000400: Using dialect: org.hibernate.dialect.MySQLDialect
[2014-03-12 22:15:09,634] INFO  HHH000397: Using ASTQueryTranslatorFactory
[2014-03-12 22:15:10,175] INFO  HHH000227: Running hbm2ddl schema export
[2014-03-12 22:15:10,194] ERROR HHH000389: Unsuccessful: alter table organization_unit drop foreign key FK_705xubatc90g39m2unvmui2ou
[2014-03-12 22:15:10,194] ERROR Table 'look4.organization_unit' doesn't exist
[2014-03-12 22:15:10,195] ERROR HHH000389: Unsuccessful: alter table user drop foreign key FK_irpwot3i3apj4vpqruy9lt7m1
[2014-03-12 22:15:10,195] ERROR Table 'look4.user' doesn't exist
[2014-03-12 22:15:10,196] ERROR HHH000389: Unsuccessful: alter table user drop foreign key FK_28h671m50x5d15821kkm06kgd
[2014-03-12 22:15:10,196] ERROR Table 'look4.user' doesn't exist
[2014-03-12 22:15:10,197] ERROR HHH000389: Unsuccessful: alter table user_business_detail_vs_organization_unit drop foreign key FK_e0jus9yai696c75cudncar7y5
[2014-03-12 22:15:10,197] ERROR Table 'look4.user_business_detail_vs_organization_unit' doesn't exist
[2014-03-12 22:15:10,198] ERROR HHH000389: Unsuccessful: alter table user_business_detail_vs_organization_unit drop foreign key FK_gnpf8w4ivwdongnswmks93url
[2014-03-12 22:15:10,199] ERROR Table 'look4.user_business_detail_vs_organization_unit' doesn't exist
[2014-03-12 22:15:10,200] ERROR HHH000389: Unsuccessful: alter table user_business_detail_vs_user_role drop foreign key FK_rvjumektvh396uoh8n2eu5idp
[2014-03-12 22:15:10,200] ERROR Table 'look4.user_business_detail_vs_user_role' doesn't exist
[2014-03-12 22:15:10,201] ERROR HHH000389: Unsuccessful: alter table user_business_detail_vs_user_role drop foreign key FK_kf4ah6uhkvbbsrlfxo11430qx
[2014-03-12 22:15:10,202] ERROR Table 'look4.user_business_detail_vs_user_role' doesn't exist
[2014-03-12 22:15:10,203] ERROR HHH000389: Unsuccessful: alter table user_role_vs_user_privilege drop foreign key FK_1uxcos32fwgci7ms1suwx7jo1
[2014-03-12 22:15:10,203] ERROR Table 'look4.user_role_vs_user_privilege' doesn't exist
[2014-03-12 22:15:10,204] ERROR HHH000389: Unsuccessful: alter table user_role_vs_user_privilege drop foreign key FK_j0k74v6jbuue13b8vdi8e1fxr
[2014-03-12 22:15:10,204] ERROR Table 'look4.user_role_vs_user_privilege' doesn't exist
[2014-03-12 22:15:13,266] INFO  HHH000230: Schema export complete
[2014-03-12 22:18:28,604] INFO  HHH000204: Processing PersistenceUnitInfo [
	name: Look4
	...]
[2014-03-12 22:18:28,920] INFO  HHH000412: Hibernate Core {4.3.4.Final}
[2014-03-12 22:18:28,931] INFO  HHH000206: hibernate.properties not found
[2014-03-12 22:18:28,933] INFO  HHH000021: Bytecode provider name : javassist
[2014-03-12 22:18:29,223] INFO  HCANN000001: Hibernate Commons Annotations {4.0.4.Final}
[2014-03-12 22:18:30,268] INFO  HHH000400: Using dialect: org.hibernate.dialect.MySQLDialect
[2014-03-12 22:18:30,514] INFO  HHH000397: Using ASTQueryTranslatorFactory
[2014-03-12 22:18:31,164] INFO  HHH000227: Running hbm2ddl schema export
[2014-03-12 22:18:31,183] ERROR HHH000389: Unsuccessful: alter table organization_unit drop foreign key FK_705xubatc90g39m2unvmui2ou
[2014-03-12 22:18:31,183] ERROR Table 'look4.organization_unit' doesn't exist
[2014-03-12 22:18:31,184] ERROR HHH000389: Unsuccessful: alter table user drop foreign key FK_irpwot3i3apj4vpqruy9lt7m1
[2014-03-12 22:18:31,184] ERROR Table 'look4.user' doesn't exist
[2014-03-12 22:18:31,185] ERROR HHH000389: Unsuccessful: alter table user drop foreign key FK_28h671m50x5d15821kkm06kgd
[2014-03-12 22:18:31,185] ERROR Table 'look4.user' doesn't exist
[2014-03-12 22:18:31,185] ERROR HHH000389: Unsuccessful: alter table user_business_detail_vs_organization_unit drop foreign key FK_e0jus9yai696c75cudncar7y5
[2014-03-12 22:18:31,185] ERROR Table 'look4.user_business_detail_vs_organization_unit' doesn't exist
[2014-03-12 22:18:31,186] ERROR HHH000389: Unsuccessful: alter table user_business_detail_vs_organization_unit drop foreign key FK_gnpf8w4ivwdongnswmks93url
[2014-03-12 22:18:31,186] ERROR Table 'look4.user_business_detail_vs_organization_unit' doesn't exist
[2014-03-12 22:18:31,187] ERROR HHH000389: Unsuccessful: alter table user_business_detail_vs_user_role drop foreign key FK_rvjumektvh396uoh8n2eu5idp
[2014-03-12 22:18:31,187] ERROR Table 'look4.user_business_detail_vs_user_role' doesn't exist
[2014-03-12 22:18:31,187] ERROR HHH000389: Unsuccessful: alter table user_business_detail_vs_user_role drop foreign key FK_kf4ah6uhkvbbsrlfxo11430qx
[2014-03-12 22:18:31,188] ERROR Table 'look4.user_business_detail_vs_user_role' doesn't exist
[2014-03-12 22:18:31,188] ERROR HHH000389: Unsuccessful: alter table user_role_vs_user_privilege drop foreign key FK_j0k74v6jbuue13b8vdi8e1fxr
[2014-03-12 22:18:31,188] ERROR Table 'look4.user_role_vs_user_privilege' doesn't exist
[2014-03-12 22:18:31,189] ERROR HHH000389: Unsuccessful: alter table user_role_vs_user_privilege drop foreign key FK_1uxcos32fwgci7ms1suwx7jo1
[2014-03-12 22:18:31,189] ERROR Table 'look4.user_role_vs_user_privilege' doesn't exist
[2014-03-12 22:18:33,976] INFO  HHH000230: Schema export complete
[2014-03-13 09:20:44,268] INFO  HHH000204: Processing PersistenceUnitInfo [
	name: Look4
	...]
[2014-03-13 09:20:44,620] INFO  HHH000412: Hibernate Core {4.3.4.Final}
[2014-03-13 09:20:44,625] INFO  HHH000206: hibernate.properties not found
[2014-03-13 09:20:44,627] INFO  HHH000021: Bytecode provider name : javassist
[2014-03-13 09:20:45,188] INFO  HCANN000001: Hibernate Commons Annotations {4.0.4.Final}
[2014-03-13 09:20:47,099] INFO  HHH000400: Using dialect: org.hibernate.dialect.MySQLDialect
[2014-03-13 09:20:47,672] INFO  HHH000397: Using ASTQueryTranslatorFactory
[2014-03-13 09:20:49,028] INFO  HHH000227: Running hbm2ddl schema export
[2014-03-13 09:20:53,437] INFO  HHH000230: Schema export complete
[2014-03-13 09:37:01,350] INFO  HHH000204: Processing PersistenceUnitInfo [
	name: Look4
	...]
[2014-03-13 09:37:01,532] INFO  HHH000412: Hibernate Core {4.3.4.Final}
[2014-03-13 09:37:01,537] INFO  HHH000206: hibernate.properties not found
[2014-03-13 09:37:01,540] INFO  HHH000021: Bytecode provider name : javassist
[2014-03-13 09:37:01,848] INFO  HCANN000001: Hibernate Commons Annotations {4.0.4.Final}
[2014-03-13 09:37:02,891] INFO  HHH000400: Using dialect: org.hibernate.dialect.MySQLDialect
[2014-03-13 09:37:03,191] INFO  HHH000397: Using ASTQueryTranslatorFactory
[2014-03-13 09:37:03,833] INFO  HHH000227: Running hbm2ddl schema export
[2014-03-13 09:37:07,788] INFO  HHH000230: Schema export complete
[2014-03-13 09:39:32,276] INFO  HHH000204: Processing PersistenceUnitInfo [
	name: Look4
	...]
[2014-03-13 09:39:32,449] INFO  HHH000412: Hibernate Core {4.3.4.Final}
[2014-03-13 09:39:32,453] INFO  HHH000206: hibernate.properties not found
[2014-03-13 09:39:32,455] INFO  HHH000021: Bytecode provider name : javassist
[2014-03-13 09:39:32,758] INFO  HCANN000001: Hibernate Commons Annotations {4.0.4.Final}
[2014-03-13 09:39:33,805] INFO  HHH000400: Using dialect: org.hibernate.dialect.MySQLDialect
[2014-03-13 09:39:34,093] INFO  HHH000397: Using ASTQueryTranslatorFactory
[2014-03-13 09:39:34,724] INFO  HHH000227: Running hbm2ddl schema export
[2014-03-13 09:39:40,463] INFO  HHH000230: Schema export complete
