[2014-03-13 12:52:41,022] INFO  Expressions were enabled for method security but no SecurityExpressionHandler was configured. All hasPermision() expressions will evaluate to false.
[2014-03-13 12:52:41,036] INFO  Loading XML bean definitions from class path resource [META-INF/test-context.xml]
[2014-03-13 12:52:41,058] INFO  Loading XML bean definitions from class path resource [META-INF/zkoss-context.xml]
[2014-03-13 12:52:41,089] INFO  Loading XML bean definitions from class path resource [META-INF/business-beans/business-beans.xml]
[2014-03-13 12:52:41,350] INFO  Loading properties file from class path resource [context-properties/hibernate.properties]
[2014-03-13 12:52:41,372] INFO  Loading properties file from class path resource [context-properties/business-beans.properties]
[2014-03-13 12:52:41,376] INFO  Loading properties file from class path resource [context-properties/datasource.properties]
[2014-03-13 12:52:41,381] INFO  Loading properties file from class path resource [context-properties/security.properties]
[2014-03-13 12:52:42,058] INFO  Building JPA container EntityManagerFactory for persistence unit 'Look4'
[2014-03-13 12:52:50,924] INFO  Creating filter chain: Ant [pattern='/assets/**'], []
[2014-03-13 12:52:51,149] INFO  Validated configuration attributes
[2014-03-13 12:52:51,918] INFO  Creating filter chain: org.springframework.security.web.util.matcher.AnyRequestMatcher@1, [org.springframework.security.web.access.channel.ChannelProcessingFilter@2b4e52db, org.springframework.security.web.context.SecurityContextPersistenceFilter@2321be13, org.springframework.security.web.authentication.logout.LogoutFilter@7c45e369, org.springframework.security.web.authentication.UsernamePasswordAuthenticationFilter@5055423c, org.springframework.security.web.authentication.www.BasicAuthenticationFilter@d6f9a58, org.springframework.security.web.savedrequest.RequestCacheAwareFilter@19fe0e4c, org.springframework.security.web.servletapi.SecurityContextHolderAwareRequestFilter@765cace8, org.springframework.security.web.authentication.AnonymousAuthenticationFilter@3e5bf00d, org.springframework.security.web.session.SessionManagementFilter@5ed0577, org.springframework.security.web.access.ExceptionTranslationFilter@c01caab, org.springframework.security.web.access.intercept.FilterSecurityInterceptor@49a0a6b5]
[2014-03-13 12:52:51,978] INFO  Checking whether login URL '/commons/login.zul' is accessible with your configuration
[2014-03-13 12:52:52,252] INFO  Root WebApplicationContext: initialization completed in 12682 ms
[2014-03-13 12:54:59,247] INFO  Root WebApplicationContext: initialization started
[2014-03-13 12:54:59,426] INFO  Refreshing Root WebApplicationContext: startup date [Thu Mar 13 12:54:59 CET 2014]; root of context hierarchy
[2014-03-13 12:54:59,491] INFO  Loading XML bean definitions from class path resource [META-INF/application-context.xml]
[2014-03-13 12:54:59,958] INFO  Loading XML bean definitions from class path resource [META-INF/jpa-repository-context.xml]
[2014-03-13 12:55:00,069] INFO  Loading XML bean definitions from class path resource [META-INF/persistence-context.xml]
[2014-03-13 12:55:00,190] INFO  Loading XML bean definitions from class path resource [META-INF/security-context.xml]
[2014-03-13 12:55:00,427] INFO  You are running with Spring Security Core 3.2.1.RELEASE
[2014-03-13 12:55:00,430] INFO  Spring Security 'config' module version is 3.2.1.RELEASE
[2014-03-13 12:55:00,568] INFO  Creating access control expression attribute 'permitAll()' for /zkau/**
[2014-03-13 12:55:00,569] INFO  Creating access control expression attribute 'permitAll()' for /commons/login.zul
[2014-03-13 12:55:00,569] INFO  Creating access control expression attribute 'permitAll()' for /commons/main.zul
[2014-03-13 12:55:00,570] INFO  Creating access control expression attribute 'isAuthenticated()' for /**
[2014-03-13 12:55:00,606] INFO  Checking sorted filter chain: [Root bean: class [org.springframework.security.web.access.channel.ChannelProcessingFilter]; scope=; abstract=false; lazyInit=false; autowireMode=0; dependencyCheck=0; autowireCandidate=true; primary=false; factoryBeanName=null; factoryMethodName=null; initMethodName=null; destroyMethodName=null, order = 100, Root bean: class [org.springframework.security.web.context.SecurityContextPersistenceFilter]; scope=; abstract=false; lazyInit=false; autowireMode=0; dependencyCheck=0; autowireCandidate=true; primary=false; factoryBeanName=null; factoryMethodName=null; initMethodName=null; destroyMethodName=null, order = 200, Root bean: class [org.springframework.security.web.authentication.logout.LogoutFilter]; scope=; abstract=false; lazyInit=false; autowireMode=0; dependencyCheck=0; autowireCandidate=true; primary=false; factoryBeanName=null; factoryMethodName=null; initMethodName=null; destroyMethodName=null, order = 700, <org.springframework.security.web.authentication.UsernamePasswordAuthenticationFilter#0>, order = 1100, Root bean: class [org.springframework.security.web.authentication.www.BasicAuthenticationFilter]; scope=; abstract=false; lazyInit=false; autowireMode=0; dependencyCheck=0; autowireCandidate=true; primary=false; factoryBeanName=null; factoryMethodName=null; initMethodName=null; destroyMethodName=null, order = 1500, Root bean: class [org.springframework.security.web.savedrequest.RequestCacheAwareFilter]; scope=; abstract=false; lazyInit=false; autowireMode=0; dependencyCheck=0; autowireCandidate=true; primary=false; factoryBeanName=null; factoryMethodName=null; initMethodName=null; destroyMethodName=null, order = 1600, Root bean: class [org.springframework.security.web.servletapi.SecurityContextHolderAwareRequestFilter]; scope=; abstract=false; lazyInit=false; autowireMode=0; dependencyCheck=0; autowireCandidate=true; primary=false; factoryBeanName=null; factoryMethodName=null; initMethodName=null; destroyMethodName=null, order = 1700, Root bean: class [org.springframework.security.web.authentication.AnonymousAuthenticationFilter]; scope=; abstract=false; lazyInit=false; autowireMode=0; dependencyCheck=0; autowireCandidate=true; primary=false; factoryBeanName=null; factoryMethodName=null; initMethodName=null; destroyMethodName=null, order = 2000, Root bean: class [org.springframework.security.web.session.SessionManagementFilter]; scope=; abstract=false; lazyInit=false; autowireMode=0; dependencyCheck=0; autowireCandidate=true; primary=false; factoryBeanName=null; factoryMethodName=null; initMethodName=null; destroyMethodName=null, order = 2100, Root bean: class [org.springframework.security.web.access.ExceptionTranslationFilter]; scope=; abstract=false; lazyInit=false; autowireMode=0; dependencyCheck=0; autowireCandidate=true; primary=false; factoryBeanName=null; factoryMethodName=null; initMethodName=null; destroyMethodName=null, order = 2200, <org.springframework.security.web.access.intercept.FilterSecurityInterceptor#0>, order = 2300]
[2014-03-13 12:55:00,612] INFO  Expressions were enabled for method security but no SecurityExpressionHandler was configured. All hasPermision() expressions will evaluate to false.
[2014-03-13 12:55:00,639] INFO  Loading XML bean definitions from class path resource [META-INF/test-context.xml]
[2014-03-13 12:55:00,658] INFO  Loading XML bean definitions from class path resource [META-INF/zkoss-context.xml]
[2014-03-13 12:55:00,681] INFO  Loading XML bean definitions from class path resource [META-INF/business-beans/business-beans.xml]
[2014-03-13 12:55:00,972] INFO  Loading properties file from class path resource [context-properties/hibernate.properties]
[2014-03-13 12:55:00,980] INFO  Loading properties file from class path resource [context-properties/business-beans.properties]
[2014-03-13 12:55:00,984] INFO  Loading properties file from class path resource [context-properties/datasource.properties]
[2014-03-13 12:55:00,988] INFO  Loading properties file from class path resource [context-properties/security.properties]
[2014-03-13 12:55:01,926] INFO  Building JPA container EntityManagerFactory for persistence unit 'Look4'
[2014-03-13 12:55:31,138] INFO  Creating filter chain: Ant [pattern='/assets/**'], []
[2014-03-13 12:55:31,438] INFO  Validated configuration attributes
[2014-03-13 12:55:32,441] INFO  Creating filter chain: org.springframework.security.web.util.matcher.AnyRequestMatcher@1, [org.springframework.security.web.access.channel.ChannelProcessingFilter@1d923336, org.springframework.security.web.context.SecurityContextPersistenceFilter@69602d64, org.springframework.security.web.authentication.logout.LogoutFilter@29443648, org.springframework.security.web.authentication.UsernamePasswordAuthenticationFilter@3d47c622, org.springframework.security.web.authentication.www.BasicAuthenticationFilter@3321019c, org.springframework.security.web.savedrequest.RequestCacheAwareFilter@3bf0c2fd, org.springframework.security.web.servletapi.SecurityContextHolderAwareRequestFilter@3b918ec9, org.springframework.security.web.authentication.AnonymousAuthenticationFilter@51354cac, org.springframework.security.web.session.SessionManagementFilter@23cd9db, org.springframework.security.web.access.ExceptionTranslationFilter@6902ba02, org.springframework.security.web.access.intercept.FilterSecurityInterceptor@32020f2a]
[2014-03-13 12:55:32,485] INFO  Checking whether login URL '/commons/login.zul' is accessible with your configuration
[2014-03-13 12:55:32,780] INFO  Root WebApplicationContext: initialization completed in 33533 ms
[2014-03-13 13:01:36,971] INFO  Root WebApplicationContext: initialization started
[2014-03-13 13:01:37,164] INFO  Refreshing Root WebApplicationContext: startup date [Thu Mar 13 13:01:37 CET 2014]; root of context hierarchy
[2014-03-13 13:01:37,220] INFO  Loading XML bean definitions from class path resource [META-INF/application-context.xml]
[2014-03-13 13:01:37,728] INFO  Loading XML bean definitions from class path resource [META-INF/jpa-repository-context.xml]
[2014-03-13 13:01:37,836] INFO  Loading XML bean definitions from class path resource [META-INF/persistence-context.xml]
[2014-03-13 13:01:37,965] INFO  Loading XML bean definitions from class path resource [META-INF/security-context.xml]
[2014-03-13 13:01:38,198] INFO  You are running with Spring Security Core 3.2.1.RELEASE
[2014-03-13 13:01:38,202] INFO  Spring Security 'config' module version is 3.2.1.RELEASE
[2014-03-13 13:01:38,314] INFO  Creating access control expression attribute 'permitAll()' for /zkau/**
[2014-03-13 13:01:38,315] INFO  Creating access control expression attribute 'permitAll()' for /commons/login.zul
[2014-03-13 13:01:38,315] INFO  Creating access control expression attribute 'isAuthenticated()' for /commons/main.zul
[2014-03-13 13:01:38,316] INFO  Creating access control expression attribute 'isAuthenticated()' for /**
[2014-03-13 13:01:38,396] INFO  Checking sorted filter chain: [Root bean: class [org.springframework.security.web.access.channel.ChannelProcessingFilter]; scope=; abstract=false; lazyInit=false; autowireMode=0; dependencyCheck=0; autowireCandidate=true; primary=false; factoryBeanName=null; factoryMethodName=null; initMethodName=null; destroyMethodName=null, order = 100, Root bean: class [org.springframework.security.web.context.SecurityContextPersistenceFilter]; scope=; abstract=false; lazyInit=false; autowireMode=0; dependencyCheck=0; autowireCandidate=true; primary=false; factoryBeanName=null; factoryMethodName=null; initMethodName=null; destroyMethodName=null, order = 200, Root bean: class [org.springframework.security.web.authentication.logout.LogoutFilter]; scope=; abstract=false; lazyInit=false; autowireMode=0; dependencyCheck=0; autowireCandidate=true; primary=false; factoryBeanName=null; factoryMethodName=null; initMethodName=null; destroyMethodName=null, order = 700, <org.springframework.security.web.authentication.UsernamePasswordAuthenticationFilter#0>, order = 1100, Root bean: class [org.springframework.security.web.authentication.www.BasicAuthenticationFilter]; scope=; abstract=false; lazyInit=false; autowireMode=0; dependencyCheck=0; autowireCandidate=true; primary=false; factoryBeanName=null; factoryMethodName=null; initMethodName=null; destroyMethodName=null, order = 1500, Root bean: class [org.springframework.security.web.savedrequest.RequestCacheAwareFilter]; scope=; abstract=false; lazyInit=false; autowireMode=0; dependencyCheck=0; autowireCandidate=true; primary=false; factoryBeanName=null; factoryMethodName=null; initMethodName=null; destroyMethodName=null, order = 1600, Root bean: class [org.springframework.security.web.servletapi.SecurityContextHolderAwareRequestFilter]; scope=; abstract=false; lazyInit=false; autowireMode=0; dependencyCheck=0; autowireCandidate=true; primary=false; factoryBeanName=null; factoryMethodName=null; initMethodName=null; destroyMethodName=null, order = 1700, Root bean: class [org.springframework.security.web.authentication.AnonymousAuthenticationFilter]; scope=; abstract=false; lazyInit=false; autowireMode=0; dependencyCheck=0; autowireCandidate=true; primary=false; factoryBeanName=null; factoryMethodName=null; initMethodName=null; destroyMethodName=null, order = 2000, Root bean: class [org.springframework.security.web.session.SessionManagementFilter]; scope=; abstract=false; lazyInit=false; autowireMode=0; dependencyCheck=0; autowireCandidate=true; primary=false; factoryBeanName=null; factoryMethodName=null; initMethodName=null; destroyMethodName=null, order = 2100, Root bean: class [org.springframework.security.web.access.ExceptionTranslationFilter]; scope=; abstract=false; lazyInit=false; autowireMode=0; dependencyCheck=0; autowireCandidate=true; primary=false; factoryBeanName=null; factoryMethodName=null; initMethodName=null; destroyMethodName=null, order = 2200, <org.springframework.security.web.access.intercept.FilterSecurityInterceptor#0>, order = 2300]
[2014-03-13 13:01:38,402] INFO  Expressions were enabled for method security but no SecurityExpressionHandler was configured. All hasPermision() expressions will evaluate to false.
[2014-03-13 13:01:38,418] INFO  Loading XML bean definitions from class path resource [META-INF/test-context.xml]
[2014-03-13 13:01:38,471] INFO  Loading XML bean definitions from class path resource [META-INF/zkoss-context.xml]
[2014-03-13 13:01:38,494] INFO  Loading XML bean definitions from class path resource [META-INF/business-beans/business-beans.xml]
[2014-03-13 13:01:38,763] INFO  Loading properties file from class path resource [context-properties/hibernate.properties]
[2014-03-13 13:01:38,772] INFO  Loading properties file from class path resource [context-properties/business-beans.properties]
[2014-03-13 13:01:38,776] INFO  Loading properties file from class path resource [context-properties/datasource.properties]
[2014-03-13 13:01:38,780] INFO  Loading properties file from class path resource [context-properties/security.properties]
[2014-03-13 13:01:39,376] INFO  Building JPA container EntityManagerFactory for persistence unit 'Look4'
[2014-03-13 13:01:46,892] INFO  Creating filter chain: Ant [pattern='/assets/**'], []
[2014-03-13 13:01:47,178] INFO  Validated configuration attributes
[2014-03-13 13:01:48,012] INFO  Creating filter chain: org.springframework.security.web.util.matcher.AnyRequestMatcher@1, [org.springframework.security.web.access.channel.ChannelProcessingFilter@1405ae7a, org.springframework.security.web.context.SecurityContextPersistenceFilter@101d5db, org.springframework.security.web.authentication.logout.LogoutFilter@1f7f1d61, org.springframework.security.web.authentication.UsernamePasswordAuthenticationFilter@5261db6e, org.springframework.security.web.authentication.www.BasicAuthenticationFilter@168d3d03, org.springframework.security.web.savedrequest.RequestCacheAwareFilter@12a09b86, org.springframework.security.web.servletapi.SecurityContextHolderAwareRequestFilter@6e4283f7, org.springframework.security.web.authentication.AnonymousAuthenticationFilter@50e605ae, org.springframework.security.web.session.SessionManagementFilter@2d7f0c00, org.springframework.security.web.access.ExceptionTranslationFilter@6feceb55, org.springframework.security.web.access.intercept.FilterSecurityInterceptor@2b4e52db]
[2014-03-13 13:01:48,057] INFO  Checking whether login URL '/commons/login.zul' is accessible with your configuration
[2014-03-13 13:01:48,307] INFO  Root WebApplicationContext: initialization completed in 11304 ms
[2014-03-13 14:21:27,283] INFO  Root WebApplicationContext: initialization started
[2014-03-13 14:21:27,556] INFO  Refreshing Root WebApplicationContext: startup date [Thu Mar 13 14:21:27 CET 2014]; root of context hierarchy
[2014-03-13 14:21:27,651] INFO  Loading XML bean definitions from class path resource [META-INF/application-context.xml]
[2014-03-13 14:21:28,190] INFO  Loading XML bean definitions from class path resource [META-INF/jpa-repository-context.xml]
[2014-03-13 14:21:28,283] INFO  Loading XML bean definitions from class path resource [META-INF/persistence-context.xml]
[2014-03-13 14:21:28,414] INFO  Loading XML bean definitions from class path resource [META-INF/security-context.xml]
[2014-03-13 14:21:28,629] INFO  You are running with Spring Security Core 3.2.1.RELEASE
[2014-03-13 14:21:28,629] INFO  Spring Security 'config' module version is 3.2.1.RELEASE
[2014-03-13 14:21:28,767] INFO  Creating access control expression attribute 'permitAll()' for /zkau/**
[2014-03-13 14:21:28,769] INFO  Creating access control expression attribute 'permitAll()' for /commons/login.zul
[2014-03-13 14:21:28,769] INFO  Creating access control expression attribute 'isAuthenticated()' for /commons/main.zul
[2014-03-13 14:21:28,773] INFO  Creating access control expression attribute 'isAuthenticated()' for /**
[2014-03-13 14:21:28,835] INFO  Checking sorted filter chain: [Root bean: class [org.springframework.security.web.access.channel.ChannelProcessingFilter]; scope=; abstract=false; lazyInit=false; autowireMode=0; dependencyCheck=0; autowireCandidate=true; primary=false; factoryBeanName=null; factoryMethodName=null; initMethodName=null; destroyMethodName=null, order = 100, Root bean: class [org.springframework.security.web.context.SecurityContextPersistenceFilter]; scope=; abstract=false; lazyInit=false; autowireMode=0; dependencyCheck=0; autowireCandidate=true; primary=false; factoryBeanName=null; factoryMethodName=null; initMethodName=null; destroyMethodName=null, order = 200, Root bean: class [org.springframework.security.web.authentication.logout.LogoutFilter]; scope=; abstract=false; lazyInit=false; autowireMode=0; dependencyCheck=0; autowireCandidate=true; primary=false; factoryBeanName=null; factoryMethodName=null; initMethodName=null; destroyMethodName=null, order = 700, <org.springframework.security.web.authentication.UsernamePasswordAuthenticationFilter#0>, order = 1100, Root bean: class [org.springframework.security.web.authentication.www.BasicAuthenticationFilter]; scope=; abstract=false; lazyInit=false; autowireMode=0; dependencyCheck=0; autowireCandidate=true; primary=false; factoryBeanName=null; factoryMethodName=null; initMethodName=null; destroyMethodName=null, order = 1500, Root bean: class [org.springframework.security.web.savedrequest.RequestCacheAwareFilter]; scope=; abstract=false; lazyInit=false; autowireMode=0; dependencyCheck=0; autowireCandidate=true; primary=false; factoryBeanName=null; factoryMethodName=null; initMethodName=null; destroyMethodName=null, order = 1600, Root bean: class [org.springframework.security.web.servletapi.SecurityContextHolderAwareRequestFilter]; scope=; abstract=false; lazyInit=false; autowireMode=0; dependencyCheck=0; autowireCandidate=true; primary=false; factoryBeanName=null; factoryMethodName=null; initMethodName=null; destroyMethodName=null, order = 1700, Root bean: class [org.springframework.security.web.authentication.AnonymousAuthenticationFilter]; scope=; abstract=false; lazyInit=false; autowireMode=0; dependencyCheck=0; autowireCandidate=true; primary=false; factoryBeanName=null; factoryMethodName=null; initMethodName=null; destroyMethodName=null, order = 2000, Root bean: class [org.springframework.security.web.session.SessionManagementFilter]; scope=; abstract=false; lazyInit=false; autowireMode=0; dependencyCheck=0; autowireCandidate=true; primary=false; factoryBeanName=null; factoryMethodName=null; initMethodName=null; destroyMethodName=null, order = 2100, Root bean: class [org.springframework.security.web.access.ExceptionTranslationFilter]; scope=; abstract=false; lazyInit=false; autowireMode=0; dependencyCheck=0; autowireCandidate=true; primary=false; factoryBeanName=null; factoryMethodName=null; initMethodName=null; destroyMethodName=null, order = 2200, <org.springframework.security.web.access.intercept.FilterSecurityInterceptor#0>, order = 2300]
[2014-03-13 14:21:28,840] INFO  Expressions were enabled for method security but no SecurityExpressionHandler was configured. All hasPermision() expressions will evaluate to false.
[2014-03-13 14:21:28,868] INFO  Loading XML bean definitions from class path resource [META-INF/test-context.xml]
[2014-03-13 14:21:28,907] INFO  Loading XML bean definitions from class path resource [META-INF/zkoss-context.xml]
[2014-03-13 14:21:28,960] INFO  Loading XML bean definitions from class path resource [META-INF/business-beans/business-beans.xml]
[2014-03-13 14:21:29,271] INFO  Loading properties file from class path resource [context-properties/hibernate.properties]
[2014-03-13 14:21:29,283] INFO  Loading properties file from class path resource [context-properties/business-beans.properties]
[2014-03-13 14:21:29,286] INFO  Loading properties file from class path resource [context-properties/datasource.properties]
[2014-03-13 14:21:29,290] INFO  Loading properties file from class path resource [context-properties/security.properties]
[2014-03-13 14:21:29,998] INFO  Building JPA container EntityManagerFactory for persistence unit 'Look4'
[2014-03-13 14:21:39,376] INFO  Creating filter chain: Ant [pattern='/assets/**'], []
[2014-03-13 14:21:39,668] INFO  Validated configuration attributes
[2014-03-13 14:21:40,614] INFO  Creating filter chain: org.springframework.security.web.util.matcher.AnyRequestMatcher@1, [org.springframework.security.web.access.channel.ChannelProcessingFilter@50e605ae, org.springframework.security.web.context.SecurityContextPersistenceFilter@2d7f0c00, org.springframework.security.web.authentication.logout.LogoutFilter@6feceb55, org.springframework.security.web.authentication.UsernamePasswordAuthenticationFilter@2b4e52db, org.springframework.security.web.authentication.www.BasicAuthenticationFilter@2321be13, org.springframework.security.web.savedrequest.RequestCacheAwareFilter@7c45e369, org.springframework.security.web.servletapi.SecurityContextHolderAwareRequestFilter@5055423c, org.springframework.security.web.authentication.AnonymousAuthenticationFilter@d6f9a58, org.springframework.security.web.session.SessionManagementFilter@19fe0e4c, org.springframework.security.web.access.ExceptionTranslationFilter@765cace8, org.springframework.security.web.access.intercept.FilterSecurityInterceptor@3e5bf00d]
[2014-03-13 14:21:40,673] INFO  Checking whether login URL '/commons/login.zul' is accessible with your configuration
[2014-03-13 14:21:41,029] INFO  Root WebApplicationContext: initialization completed in 13714 ms
[2014-03-13 14:57:10,676] INFO  Closing Root WebApplicationContext: startup date [Thu Mar 13 14:21:27 CET 2014]; root of context hierarchy
[2014-03-13 14:57:10,728] INFO  Closing JPA EntityManagerFactory for persistence unit 'Look4'
[2014-03-13 14:57:13,589] INFO  Root WebApplicationContext: initialization started
[2014-03-13 14:57:13,978] INFO  Refreshing Root WebApplicationContext: startup date [Thu Mar 13 14:57:13 CET 2014]; root of context hierarchy
[2014-03-13 14:57:14,084] INFO  Loading XML bean definitions from class path resource [META-INF/application-context.xml]
[2014-03-13 14:57:16,576] INFO  Loading XML bean definitions from class path resource [META-INF/jpa-repository-context.xml]
[2014-03-13 14:57:16,698] INFO  Loading XML bean definitions from class path resource [META-INF/persistence-context.xml]
[2014-03-13 14:57:16,908] INFO  Loading XML bean definitions from class path resource [META-INF/security-context.xml]
[2014-03-13 14:57:17,036] INFO  You are running with Spring Security Core 3.2.1.RELEASE
[2014-03-13 14:57:17,037] INFO  Spring Security 'config' module version is 3.2.1.RELEASE
[2014-03-13 14:57:17,225] INFO  Creating access control expression attribute 'permitAll()' for /zkau/**
[2014-03-13 14:57:17,226] INFO  Creating access control expression attribute 'permitAll()' for /commons/login.zul
[2014-03-13 14:57:17,226] INFO  Creating access control expression attribute 'isAuthenticated()' for /commons/main.zul
[2014-03-13 14:57:17,226] INFO  Creating access control expression attribute 'isAuthenticated()' for /**
[2014-03-13 14:57:17,278] INFO  Checking sorted filter chain: [Root bean: class [org.springframework.security.web.access.channel.ChannelProcessingFilter]; scope=; abstract=false; lazyInit=false; autowireMode=0; dependencyCheck=0; autowireCandidate=true; primary=false; factoryBeanName=null; factoryMethodName=null; initMethodName=null; destroyMethodName=null, order = 100, Root bean: class [org.springframework.security.web.context.SecurityContextPersistenceFilter]; scope=; abstract=false; lazyInit=false; autowireMode=0; dependencyCheck=0; autowireCandidate=true; primary=false; factoryBeanName=null; factoryMethodName=null; initMethodName=null; destroyMethodName=null, order = 200, Root bean: class [org.springframework.security.web.authentication.logout.LogoutFilter]; scope=; abstract=false; lazyInit=false; autowireMode=0; dependencyCheck=0; autowireCandidate=true; primary=false; factoryBeanName=null; factoryMethodName=null; initMethodName=null; destroyMethodName=null, order = 700, <org.springframework.security.web.authentication.UsernamePasswordAuthenticationFilter#0>, order = 1100, Root bean: class [org.springframework.security.web.authentication.www.BasicAuthenticationFilter]; scope=; abstract=false; lazyInit=false; autowireMode=0; dependencyCheck=0; autowireCandidate=true; primary=false; factoryBeanName=null; factoryMethodName=null; initMethodName=null; destroyMethodName=null, order = 1500, Root bean: class [org.springframework.security.web.savedrequest.RequestCacheAwareFilter]; scope=; abstract=false; lazyInit=false; autowireMode=0; dependencyCheck=0; autowireCandidate=true; primary=false; factoryBeanName=null; factoryMethodName=null; initMethodName=null; destroyMethodName=null, order = 1600, Root bean: class [org.springframework.security.web.servletapi.SecurityContextHolderAwareRequestFilter]; scope=; abstract=false; lazyInit=false; autowireMode=0; dependencyCheck=0; autowireCandidate=true; primary=false; factoryBeanName=null; factoryMethodName=null; initMethodName=null; destroyMethodName=null, order = 1700, Root bean: class [org.springframework.security.web.authentication.AnonymousAuthenticationFilter]; scope=; abstract=false; lazyInit=false; autowireMode=0; dependencyCheck=0; autowireCandidate=true; primary=false; factoryBeanName=null; factoryMethodName=null; initMethodName=null; destroyMethodName=null, order = 2000, Root bean: class [org.springframework.security.web.session.SessionManagementFilter]; scope=; abstract=false; lazyInit=false; autowireMode=0; dependencyCheck=0; autowireCandidate=true; primary=false; factoryBeanName=null; factoryMethodName=null; initMethodName=null; destroyMethodName=null, order = 2100, Root bean: class [org.springframework.security.web.access.ExceptionTranslationFilter]; scope=; abstract=false; lazyInit=false; autowireMode=0; dependencyCheck=0; autowireCandidate=true; primary=false; factoryBeanName=null; factoryMethodName=null; initMethodName=null; destroyMethodName=null, order = 2200, <org.springframework.security.web.access.intercept.FilterSecurityInterceptor#0>, order = 2300]
[2014-03-13 14:57:17,294] INFO  Expressions were enabled for method security but no SecurityExpressionHandler was configured. All hasPermision() expressions will evaluate to false.
[2014-03-13 14:57:17,322] INFO  Loading XML bean definitions from class path resource [META-INF/test-context.xml]
[2014-03-13 14:57:17,352] INFO  Loading XML bean definitions from class path resource [META-INF/zkoss-context.xml]
[2014-03-13 14:57:17,393] INFO  Loading XML bean definitions from class path resource [META-INF/business-beans/business-beans.xml]
[2014-03-13 14:57:18,058] INFO  Loading properties file from class path resource [context-properties/hibernate.properties]
[2014-03-13 14:57:18,084] INFO  Loading properties file from class path resource [context-properties/business-beans.properties]
[2014-03-13 14:57:18,088] INFO  Loading properties file from class path resource [context-properties/datasource.properties]
[2014-03-13 14:57:18,091] INFO  Loading properties file from class path resource [context-properties/security.properties]
[2014-03-13 14:57:19,105] INFO  Building JPA container EntityManagerFactory for persistence unit 'Look4'
[2014-03-13 14:57:26,719] INFO  Creating filter chain: Ant [pattern='/assets/**'], []
[2014-03-13 14:57:26,947] INFO  Validated configuration attributes
[2014-03-13 14:57:28,029] INFO  Creating filter chain: org.springframework.security.web.util.matcher.AnyRequestMatcher@1, [org.springframework.security.web.access.channel.ChannelProcessingFilter@63089797, org.springframework.security.web.context.SecurityContextPersistenceFilter@49186d4c, org.springframework.security.web.authentication.logout.LogoutFilter@62afbe11, org.springframework.security.web.authentication.UsernamePasswordAuthenticationFilter@7fe780b4, org.springframework.security.web.authentication.www.BasicAuthenticationFilter@37b2eb06, org.springframework.security.web.savedrequest.RequestCacheAwareFilter@4363f37b, org.springframework.security.web.servletapi.SecurityContextHolderAwareRequestFilter@570632cd, org.springframework.security.web.authentication.AnonymousAuthenticationFilter@57f15d5d, org.springframework.security.web.session.SessionManagementFilter@2728b1c6, org.springframework.security.web.access.ExceptionTranslationFilter@60af523f, org.springframework.security.web.access.intercept.FilterSecurityInterceptor@1640d7b0]
[2014-03-13 14:57:28,170] INFO  Checking whether login URL '/commons/login.zul' is accessible with your configuration
[2014-03-13 14:57:28,560] INFO  Root WebApplicationContext: initialization completed in 14971 ms
[2014-03-13 14:57:31,335] INFO  Closing Root WebApplicationContext: startup date [Thu Mar 13 14:57:13 CET 2014]; root of context hierarchy
[2014-03-13 14:57:31,361] INFO  Closing JPA EntityManagerFactory for persistence unit 'Look4'
[2014-03-13 14:57:33,179] INFO  Root WebApplicationContext: initialization started
[2014-03-13 14:57:33,290] INFO  Refreshing Root WebApplicationContext: startup date [Thu Mar 13 14:57:33 CET 2014]; root of context hierarchy
[2014-03-13 14:57:33,459] INFO  Loading XML bean definitions from class path resource [META-INF/application-context.xml]
[2014-03-13 14:57:33,723] INFO  Loading XML bean definitions from class path resource [META-INF/jpa-repository-context.xml]
[2014-03-13 14:57:33,826] INFO  Loading XML bean definitions from class path resource [META-INF/persistence-context.xml]
[2014-03-13 14:57:33,955] INFO  Loading XML bean definitions from class path resource [META-INF/security-context.xml]
[2014-03-13 14:57:34,122] INFO  You are running with Spring Security Core 3.2.1.RELEASE
[2014-03-13 14:57:34,122] INFO  Spring Security 'config' module version is 3.2.1.RELEASE
[2014-03-13 14:57:34,289] INFO  Creating access control expression attribute 'permitAll()' for /zkau/**
[2014-03-13 14:57:34,289] INFO  Creating access control expression attribute 'permitAll()' for /commons/login.zul
[2014-03-13 14:57:34,289] INFO  Creating access control expression attribute 'isAuthenticated()' for /commons/main.zul
[2014-03-13 14:57:34,290] INFO  Creating access control expression attribute 'isAuthenticated()' for /**
[2014-03-13 14:57:34,377] INFO  Checking sorted filter chain: [Root bean: class [org.springframework.security.web.access.channel.ChannelProcessingFilter]; scope=; abstract=false; lazyInit=false; autowireMode=0; dependencyCheck=0; autowireCandidate=true; primary=false; factoryBeanName=null; factoryMethodName=null; initMethodName=null; destroyMethodName=null, order = 100, Root bean: class [org.springframework.security.web.context.SecurityContextPersistenceFilter]; scope=; abstract=false; lazyInit=false; autowireMode=0; dependencyCheck=0; autowireCandidate=true; primary=false; factoryBeanName=null; factoryMethodName=null; initMethodName=null; destroyMethodName=null, order = 200, Root bean: class [org.springframework.security.web.authentication.logout.LogoutFilter]; scope=; abstract=false; lazyInit=false; autowireMode=0; dependencyCheck=0; autowireCandidate=true; primary=false; factoryBeanName=null; factoryMethodName=null; initMethodName=null; destroyMethodName=null, order = 700, <org.springframework.security.web.authentication.UsernamePasswordAuthenticationFilter#0>, order = 1100, Root bean: class [org.springframework.security.web.authentication.www.BasicAuthenticationFilter]; scope=; abstract=false; lazyInit=false; autowireMode=0; dependencyCheck=0; autowireCandidate=true; primary=false; factoryBeanName=null; factoryMethodName=null; initMethodName=null; destroyMethodName=null, order = 1500, Root bean: class [org.springframework.security.web.savedrequest.RequestCacheAwareFilter]; scope=; abstract=false; lazyInit=false; autowireMode=0; dependencyCheck=0; autowireCandidate=true; primary=false; factoryBeanName=null; factoryMethodName=null; initMethodName=null; destroyMethodName=null, order = 1600, Root bean: class [org.springframework.security.web.servletapi.SecurityContextHolderAwareRequestFilter]; scope=; abstract=false; lazyInit=false; autowireMode=0; dependencyCheck=0; autowireCandidate=true; primary=false; factoryBeanName=null; factoryMethodName=null; initMethodName=null; destroyMethodName=null, order = 1700, Root bean: class [org.springframework.security.web.authentication.AnonymousAuthenticationFilter]; scope=; abstract=false; lazyInit=false; autowireMode=0; dependencyCheck=0; autowireCandidate=true; primary=false; factoryBeanName=null; factoryMethodName=null; initMethodName=null; destroyMethodName=null, order = 2000, Root bean: class [org.springframework.security.web.session.SessionManagementFilter]; scope=; abstract=false; lazyInit=false; autowireMode=0; dependencyCheck=0; autowireCandidate=true; primary=false; factoryBeanName=null; factoryMethodName=null; initMethodName=null; destroyMethodName=null, order = 2100, Root bean: class [org.springframework.security.web.access.ExceptionTranslationFilter]; scope=; abstract=false; lazyInit=false; autowireMode=0; dependencyCheck=0; autowireCandidate=true; primary=false; factoryBeanName=null; factoryMethodName=null; initMethodName=null; destroyMethodName=null, order = 2200, <org.springframework.security.web.access.intercept.FilterSecurityInterceptor#0>, order = 2300]
[2014-03-13 14:57:34,382] INFO  Expressions were enabled for method security but no SecurityExpressionHandler was configured. All hasPermision() expressions will evaluate to false.
[2014-03-13 14:57:34,411] INFO  Loading XML bean definitions from class path resource [META-INF/test-context.xml]
[2014-03-13 14:57:34,431] INFO  Loading XML bean definitions from class path resource [META-INF/zkoss-context.xml]
[2014-03-13 14:57:34,459] INFO  Loading XML bean definitions from class path resource [META-INF/business-beans/business-beans.xml]
[2014-03-13 14:57:34,941] INFO  Loading properties file from class path resource [context-properties/hibernate.properties]
[2014-03-13 14:57:34,947] INFO  Loading properties file from class path resource [context-properties/business-beans.properties]
[2014-03-13 14:57:34,950] INFO  Loading properties file from class path resource [context-properties/datasource.properties]
[2014-03-13 14:57:34,953] INFO  Loading properties file from class path resource [context-properties/security.properties]
[2014-03-13 14:57:35,748] INFO  Building JPA container EntityManagerFactory for persistence unit 'Look4'
[2014-03-13 14:57:41,799] ERROR Destroy method on bean with name 'org.springframework.orm.jpa.vendor.HibernateJpaVendorAdapter#804d4a1' threw an exception
java.lang.OutOfMemoryError: PermGen space
	at java.lang.ClassLoader.defineClass1(Native Method)
	at java.lang.ClassLoader.defineClass(ClassLoader.java:792)
	at java.security.SecureClassLoader.defineClass(SecureClassLoader.java:142)
	at java.net.URLClassLoader.defineClass(URLClassLoader.java:449)
	at java.net.URLClassLoader.access$100(URLClassLoader.java:71)
	at java.net.URLClassLoader$1.run(URLClassLoader.java:361)
	at java.net.URLClassLoader$1.run(URLClassLoader.java:355)
	at java.security.AccessController.doPrivileged(Native Method)
	at java.net.URLClassLoader.findClass(URLClassLoader.java:354)
	at org.mortbay.jetty.webapp.WebAppClassLoader.loadClass(WebAppClassLoader.java:392)
	at org.mortbay.jetty.webapp.WebAppClassLoader.loadClass(WebAppClassLoader.java:363)
	at java.lang.Class.getDeclaredMethods0(Native Method)
	at java.lang.Class.privateGetDeclaredMethods(Class.java:2521)
	at java.lang.Class.getMethod0(Class.java:2764)
	at java.lang.Class.getMethod(Class.java:1653)
	at org.springframework.orm.jpa.EntityManagerFactoryUtils.<clinit>(EntityManagerFactoryUtils.java:92)
	at org.springframework.orm.jpa.support.PersistenceAnnotationBeanPostProcessor.postProcessBeforeDestruction(PersistenceAnnotationBeanPostProcessor.java:374)
	at org.springframework.beans.factory.support.DisposableBeanAdapter.destroy(DisposableBeanAdapter.java:238)
	at org.springframework.beans.factory.support.DefaultSingletonBeanRegistry.destroyBean(DefaultSingletonBeanRegistry.java:540)
	at org.springframework.beans.factory.support.DefaultSingletonBeanRegistry.destroySingleton(DefaultSingletonBeanRegistry.java:516)
	at org.springframework.beans.factory.support.DefaultListableBeanFactory.destroySingleton(DefaultListableBeanFactory.java:824)
	at org.springframework.beans.factory.support.DefaultSingletonBeanRegistry.destroyBean(DefaultSingletonBeanRegistry.java:551)
	at org.springframework.beans.factory.support.DefaultSingletonBeanRegistry.destroySingleton(DefaultSingletonBeanRegistry.java:516)
	at org.springframework.beans.factory.support.DefaultListableBeanFactory.destroySingleton(DefaultListableBeanFactory.java:824)
	at org.springframework.beans.factory.support.AbstractBeanFactory$1.getObject(AbstractBeanFactory.java:310)
	at org.springframework.beans.factory.support.DefaultSingletonBeanRegistry.getSingleton(DefaultSingletonBeanRegistry.java:228)
	at org.springframework.beans.factory.support.AbstractBeanFactory.doGetBean(AbstractBeanFactory.java:300)
	at org.springframework.beans.factory.support.AbstractBeanFactory.getBean(AbstractBeanFactory.java:195)
	at org.springframework.context.support.AbstractApplicationContext.getBean(AbstractApplicationContext.java:973)
	at org.springframework.context.support.AbstractApplicationContext.finishBeanFactoryInitialization(AbstractApplicationContext.java:750)
	at org.springframework.context.support.AbstractApplicationContext.refresh(AbstractApplicationContext.java:482)
	at org.springframework.web.context.ContextLoader.configureAndRefreshWebApplicationContext(ContextLoader.java:403)
[2014-03-13 14:57:41,806] ERROR Destroy method on bean with name 'dataSource' threw an exception
java.lang.NoClassDefFoundError: Could not initialize class org.springframework.orm.jpa.EntityManagerFactoryUtils
	at org.springframework.orm.jpa.support.PersistenceAnnotationBeanPostProcessor.postProcessBeforeDestruction(PersistenceAnnotationBeanPostProcessor.java:374)
	at org.springframework.beans.factory.support.DisposableBeanAdapter.destroy(DisposableBeanAdapter.java:238)
	at org.springframework.beans.factory.support.DefaultSingletonBeanRegistry.destroyBean(DefaultSingletonBeanRegistry.java:540)
	at org.springframework.beans.factory.support.DefaultSingletonBeanRegistry.destroySingleton(DefaultSingletonBeanRegistry.java:516)
	at org.springframework.beans.factory.support.DefaultListableBeanFactory.destroySingleton(DefaultListableBeanFactory.java:824)
	at org.springframework.beans.factory.support.DefaultSingletonBeanRegistry.destroySingletons(DefaultSingletonBeanRegistry.java:485)
	at org.springframework.context.support.AbstractApplicationContext.destroyBeans(AbstractApplicationContext.java:921)
	at org.springframework.context.support.AbstractApplicationContext.refresh(AbstractApplicationContext.java:490)
	at org.springframework.web.context.ContextLoader.configureAndRefreshWebApplicationContext(ContextLoader.java:403)
	at org.springframework.web.context.ContextLoader.initWebApplicationContext(ContextLoader.java:306)
	at org.springframework.web.context.ContextLoaderListener.contextInitialized(ContextLoaderListener.java:106)
	at org.mortbay.jetty.handler.ContextHandler.startContext(ContextHandler.java:549)
	at org.mortbay.jetty.servlet.Context.startContext(Context.java:136)
	at org.mortbay.jetty.webapp.WebAppContext.startContext(WebAppContext.java:1282)
	at org.mortbay.jetty.handler.ContextHandler.doStart(ContextHandler.java:518)
	at org.mortbay.jetty.webapp.WebAppContext.doStart(WebAppContext.java:499)
	at org.mortbay.jetty.plugin.Jetty6PluginWebAppContext.doStart(Jetty6PluginWebAppContext.java:115)
	at org.mortbay.component.AbstractLifeCycle.start(AbstractLifeCycle.java:50)
	at org.mortbay.jetty.plugin.AbstractJettyRunMojo.restartWebApp(AbstractJettyRunMojo.java:458)
	at org.mortbay.jetty.plugin.AbstractJettyRunMojo$1.filesChanged(AbstractJettyRunMojo.java:419)
	at org.mortbay.util.Scanner.reportBulkChanges(Scanner.java:486)
	at org.mortbay.util.Scanner.reportDifferences(Scanner.java:352)
	at org.mortbay.util.Scanner.scan(Scanner.java:280)
	at org.mortbay.util.Scanner$1.run(Scanner.java:232)
	at java.util.TimerThread.mainLoop(Timer.java:555)
	at java.util.TimerThread.run(Timer.java:505)
[2014-03-13 14:57:41,808] ERROR Destroy method on bean with name 'org.springframework.transaction.config.internalTransactionAdvisor' threw an exception
java.lang.NoClassDefFoundError: Could not initialize class org.springframework.orm.jpa.EntityManagerFactoryUtils
	at org.springframework.orm.jpa.support.PersistenceAnnotationBeanPostProcessor.postProcessBeforeDestruction(PersistenceAnnotationBeanPostProcessor.java:374)
	at org.springframework.beans.factory.support.DisposableBeanAdapter.destroy(DisposableBeanAdapter.java:238)
	at org.springframework.beans.factory.support.DefaultSingletonBeanRegistry.destroyBean(DefaultSingletonBeanRegistry.java:540)
	at org.springframework.beans.factory.support.DefaultSingletonBeanRegistry.destroySingleton(DefaultSingletonBeanRegistry.java:516)
	at org.springframework.beans.factory.support.DefaultListableBeanFactory.destroySingleton(DefaultListableBeanFactory.java:824)
	at org.springframework.beans.factory.support.DefaultSingletonBeanRegistry.destroySingletons(DefaultSingletonBeanRegistry.java:485)
	at org.springframework.context.support.AbstractApplicationContext.destroyBeans(AbstractApplicationContext.java:921)
	at org.springframework.context.support.AbstractApplicationContext.refresh(AbstractApplicationContext.java:490)
	at org.springframework.web.context.ContextLoader.configureAndRefreshWebApplicationContext(ContextLoader.java:403)
	at org.springframework.web.context.ContextLoader.initWebApplicationContext(ContextLoader.java:306)
	at org.springframework.web.context.ContextLoaderListener.contextInitialized(ContextLoaderListener.java:106)
	at org.mortbay.jetty.handler.ContextHandler.startContext(ContextHandler.java:549)
	at org.mortbay.jetty.servlet.Context.startContext(Context.java:136)
	at org.mortbay.jetty.webapp.WebAppContext.startContext(WebAppContext.java:1282)
	at org.mortbay.jetty.handler.ContextHandler.doStart(ContextHandler.java:518)
	at org.mortbay.jetty.webapp.WebAppContext.doStart(WebAppContext.java:499)
	at org.mortbay.jetty.plugin.Jetty6PluginWebAppContext.doStart(Jetty6PluginWebAppContext.java:115)
	at org.mortbay.component.AbstractLifeCycle.start(AbstractLifeCycle.java:50)
	at org.mortbay.jetty.plugin.AbstractJettyRunMojo.restartWebApp(AbstractJettyRunMojo.java:458)
	at org.mortbay.jetty.plugin.AbstractJettyRunMojo$1.filesChanged(AbstractJettyRunMojo.java:419)
	at org.mortbay.util.Scanner.reportBulkChanges(Scanner.java:486)
	at org.mortbay.util.Scanner.reportDifferences(Scanner.java:352)
	at org.mortbay.util.Scanner.scan(Scanner.java:280)
	at org.mortbay.util.Scanner$1.run(Scanner.java:232)
	at java.util.TimerThread.mainLoop(Timer.java:555)
	at java.util.TimerThread.run(Timer.java:505)
[2014-03-13 14:57:41,811] ERROR Destroy method on bean with name 'org.springframework.transaction.annotation.AnnotationTransactionAttributeSource#0' threw an exception
java.lang.NoClassDefFoundError: Could not initialize class org.springframework.orm.jpa.EntityManagerFactoryUtils
	at org.springframework.orm.jpa.support.PersistenceAnnotationBeanPostProcessor.postProcessBeforeDestruction(PersistenceAnnotationBeanPostProcessor.java:374)
	at org.springframework.beans.factory.support.DisposableBeanAdapter.destroy(DisposableBeanAdapter.java:238)
	at org.springframework.beans.factory.support.DefaultSingletonBeanRegistry.destroyBean(DefaultSingletonBeanRegistry.java:540)
	at org.springframework.beans.factory.support.DefaultSingletonBeanRegistry.destroySingleton(DefaultSingletonBeanRegistry.java:516)
	at org.springframework.beans.factory.support.DefaultListableBeanFactory.destroySingleton(DefaultListableBeanFactory.java:824)
	at org.springframework.beans.factory.support.DefaultSingletonBeanRegistry.destroySingletons(DefaultSingletonBeanRegistry.java:485)
	at org.springframework.context.support.AbstractApplicationContext.destroyBeans(AbstractApplicationContext.java:921)
	at org.springframework.context.support.AbstractApplicationContext.refresh(AbstractApplicationContext.java:490)
	at org.springframework.web.context.ContextLoader.configureAndRefreshWebApplicationContext(ContextLoader.java:403)
	at org.springframework.web.context.ContextLoader.initWebApplicationContext(ContextLoader.java:306)
	at org.springframework.web.context.ContextLoaderListener.contextInitialized(ContextLoaderListener.java:106)
	at org.mortbay.jetty.handler.ContextHandler.startContext(ContextHandler.java:549)
	at org.mortbay.jetty.servlet.Context.startContext(Context.java:136)
	at org.mortbay.jetty.webapp.WebAppContext.startContext(WebAppContext.java:1282)
	at org.mortbay.jetty.handler.ContextHandler.doStart(ContextHandler.java:518)
	at org.mortbay.jetty.webapp.WebAppContext.doStart(WebAppContext.java:499)
	at org.mortbay.jetty.plugin.Jetty6PluginWebAppContext.doStart(Jetty6PluginWebAppContext.java:115)
	at org.mortbay.component.AbstractLifeCycle.start(AbstractLifeCycle.java:50)
	at org.mortbay.jetty.plugin.AbstractJettyRunMojo.restartWebApp(AbstractJettyRunMojo.java:458)
	at org.mortbay.jetty.plugin.AbstractJettyRunMojo$1.filesChanged(AbstractJettyRunMojo.java:419)
	at org.mortbay.util.Scanner.reportBulkChanges(Scanner.java:486)
	at org.mortbay.util.Scanner.reportDifferences(Scanner.java:352)
	at org.mortbay.util.Scanner.scan(Scanner.java:280)
	at org.mortbay.util.Scanner$1.run(Scanner.java:232)
	at java.util.TimerThread.mainLoop(Timer.java:555)
	at java.util.TimerThread.run(Timer.java:505)
[2014-03-13 14:57:41,813] ERROR Destroy method on bean with name 'org.springframework.security.methodSecurityMetadataSourceAdvisor' threw an exception
java.lang.NoClassDefFoundError: Could not initialize class org.springframework.orm.jpa.EntityManagerFactoryUtils
	at org.springframework.orm.jpa.support.PersistenceAnnotationBeanPostProcessor.postProcessBeforeDestruction(PersistenceAnnotationBeanPostProcessor.java:374)
	at org.springframework.beans.factory.support.DisposableBeanAdapter.destroy(DisposableBeanAdapter.java:238)
	at org.springframework.beans.factory.support.DefaultSingletonBeanRegistry.destroyBean(DefaultSingletonBeanRegistry.java:540)
	at org.springframework.beans.factory.support.DefaultSingletonBeanRegistry.destroySingleton(DefaultSingletonBeanRegistry.java:516)
	at org.springframework.beans.factory.support.DefaultListableBeanFactory.destroySingleton(DefaultListableBeanFactory.java:824)
	at org.springframework.beans.factory.support.DefaultSingletonBeanRegistry.destroySingletons(DefaultSingletonBeanRegistry.java:485)
	at org.springframework.context.support.AbstractApplicationContext.destroyBeans(AbstractApplicationContext.java:921)
	at org.springframework.context.support.AbstractApplicationContext.refresh(AbstractApplicationContext.java:490)
	at org.springframework.web.context.ContextLoader.configureAndRefreshWebApplicationContext(ContextLoader.java:403)
	at org.springframework.web.context.ContextLoader.initWebApplicationContext(ContextLoader.java:306)
	at org.springframework.web.context.ContextLoaderListener.contextInitialized(ContextLoaderListener.java:106)
	at org.mortbay.jetty.handler.ContextHandler.startContext(ContextHandler.java:549)
	at org.mortbay.jetty.servlet.Context.startContext(Context.java:136)
	at org.mortbay.jetty.webapp.WebAppContext.startContext(WebAppContext.java:1282)
	at org.mortbay.jetty.handler.ContextHandler.doStart(ContextHandler.java:518)
	at org.mortbay.jetty.webapp.WebAppContext.doStart(WebAppContext.java:499)
	at org.mortbay.jetty.plugin.Jetty6PluginWebAppContext.doStart(Jetty6PluginWebAppContext.java:115)
	at org.mortbay.component.AbstractLifeCycle.start(AbstractLifeCycle.java:50)
	at org.mortbay.jetty.plugin.AbstractJettyRunMojo.restartWebApp(AbstractJettyRunMojo.java:458)
	at org.mortbay.jetty.plugin.AbstractJettyRunMojo$1.filesChanged(AbstractJettyRunMojo.java:419)
	at org.mortbay.util.Scanner.reportBulkChanges(Scanner.java:486)
	at org.mortbay.util.Scanner.reportDifferences(Scanner.java:352)
	at org.mortbay.util.Scanner.scan(Scanner.java:280)
	at org.mortbay.util.Scanner$1.run(Scanner.java:232)
	at java.util.TimerThread.mainLoop(Timer.java:555)
	at java.util.TimerThread.run(Timer.java:505)
[2014-03-13 14:57:41,815] ERROR Destroy method on bean with name 'org.springframework.security.access.method.DelegatingMethodSecurityMetadataSource#0' threw an exception
java.lang.NoClassDefFoundError: Could not initialize class org.springframework.orm.jpa.EntityManagerFactoryUtils
	at org.springframework.orm.jpa.support.PersistenceAnnotationBeanPostProcessor.postProcessBeforeDestruction(PersistenceAnnotationBeanPostProcessor.java:374)
	at org.springframework.beans.factory.support.DisposableBeanAdapter.destroy(DisposableBeanAdapter.java:238)
	at org.springframework.beans.factory.support.DefaultSingletonBeanRegistry.destroyBean(DefaultSingletonBeanRegistry.java:540)
	at org.springframework.beans.factory.support.DefaultSingletonBeanRegistry.destroySingleton(DefaultSingletonBeanRegistry.java:516)
	at org.springframework.beans.factory.support.DefaultListableBeanFactory.destroySingleton(DefaultListableBeanFactory.java:824)
	at org.springframework.beans.factory.support.DefaultSingletonBeanRegistry.destroySingletons(DefaultSingletonBeanRegistry.java:485)
	at org.springframework.context.support.AbstractApplicationContext.destroyBeans(AbstractApplicationContext.java:921)
	at org.springframework.context.support.AbstractApplicationContext.refresh(AbstractApplicationContext.java:490)
	at org.springframework.web.context.ContextLoader.configureAndRefreshWebApplicationContext(ContextLoader.java:403)
	at org.springframework.web.context.ContextLoader.initWebApplicationContext(ContextLoader.java:306)
	at org.springframework.web.context.ContextLoaderListener.contextInitialized(ContextLoaderListener.java:106)
	at org.mortbay.jetty.handler.ContextHandler.startContext(ContextHandler.java:549)
	at org.mortbay.jetty.servlet.Context.startContext(Context.java:136)
	at org.mortbay.jetty.webapp.WebAppContext.startContext(WebAppContext.java:1282)
	at org.mortbay.jetty.handler.ContextHandler.doStart(ContextHandler.java:518)
	at org.mortbay.jetty.webapp.WebAppContext.doStart(WebAppContext.java:499)
	at org.mortbay.jetty.plugin.Jetty6PluginWebAppContext.doStart(Jetty6PluginWebAppContext.java:115)
	at org.mortbay.component.AbstractLifeCycle.start(AbstractLifeCycle.java:50)
	at org.mortbay.jetty.plugin.AbstractJettyRunMojo.restartWebApp(AbstractJettyRunMojo.java:458)
	at org.mortbay.jetty.plugin.AbstractJettyRunMojo$1.filesChanged(AbstractJettyRunMojo.java:419)
	at org.mortbay.util.Scanner.reportBulkChanges(Scanner.java:486)
	at org.mortbay.util.Scanner.reportDifferences(Scanner.java:352)
	at org.mortbay.util.Scanner.scan(Scanner.java:280)
	at org.mortbay.util.Scanner$1.run(Scanner.java:232)
	at java.util.TimerThread.mainLoop(Timer.java:555)
	at java.util.TimerThread.run(Timer.java:505)
[2014-03-13 14:57:41,817] ERROR Destroy method on bean with name '(inner bean)' threw an exception
java.lang.NoClassDefFoundError: Could not initialize class org.springframework.orm.jpa.EntityManagerFactoryUtils
	at org.springframework.orm.jpa.support.PersistenceAnnotationBeanPostProcessor.postProcessBeforeDestruction(PersistenceAnnotationBeanPostProcessor.java:374)
	at org.springframework.beans.factory.support.DisposableBeanAdapter.destroy(DisposableBeanAdapter.java:238)
	at org.springframework.beans.factory.support.DefaultSingletonBeanRegistry.destroyBean(DefaultSingletonBeanRegistry.java:540)
	at org.springframework.beans.factory.support.DefaultSingletonBeanRegistry.destroySingleton(DefaultSingletonBeanRegistry.java:516)
	at org.springframework.beans.factory.support.DefaultListableBeanFactory.destroySingleton(DefaultListableBeanFactory.java:824)
	at org.springframework.beans.factory.support.DefaultSingletonBeanRegistry.destroyBean(DefaultSingletonBeanRegistry.java:551)
	at org.springframework.beans.factory.support.DefaultSingletonBeanRegistry.destroySingleton(DefaultSingletonBeanRegistry.java:516)
	at org.springframework.beans.factory.support.DefaultListableBeanFactory.destroySingleton(DefaultListableBeanFactory.java:824)
	at org.springframework.beans.factory.support.DefaultSingletonBeanRegistry.destroySingletons(DefaultSingletonBeanRegistry.java:485)
	at org.springframework.context.support.AbstractApplicationContext.destroyBeans(AbstractApplicationContext.java:921)
	at org.springframework.context.support.AbstractApplicationContext.refresh(AbstractApplicationContext.java:490)
	at org.springframework.web.context.ContextLoader.configureAndRefreshWebApplicationContext(ContextLoader.java:403)
	at org.springframework.web.context.ContextLoader.initWebApplicationContext(ContextLoader.java:306)
	at org.springframework.web.context.ContextLoaderListener.contextInitialized(ContextLoaderListener.java:106)
	at org.mortbay.jetty.handler.ContextHandler.startContext(ContextHandler.java:549)
	at org.mortbay.jetty.servlet.Context.startContext(Context.java:136)
	at org.mortbay.jetty.webapp.WebAppContext.startContext(WebAppContext.java:1282)
	at org.mortbay.jetty.handler.ContextHandler.doStart(ContextHandler.java:518)
	at org.mortbay.jetty.webapp.WebAppContext.doStart(WebAppContext.java:499)
	at org.mortbay.jetty.plugin.Jetty6PluginWebAppContext.doStart(Jetty6PluginWebAppContext.java:115)
	at org.mortbay.component.AbstractLifeCycle.start(AbstractLifeCycle.java:50)
	at org.mortbay.jetty.plugin.AbstractJettyRunMojo.restartWebApp(AbstractJettyRunMojo.java:458)
	at org.mortbay.jetty.plugin.AbstractJettyRunMojo$1.filesChanged(AbstractJettyRunMojo.java:419)
	at org.mortbay.util.Scanner.reportBulkChanges(Scanner.java:486)
	at org.mortbay.util.Scanner.reportDifferences(Scanner.java:352)
	at org.mortbay.util.Scanner.scan(Scanner.java:280)
	at org.mortbay.util.Scanner$1.run(Scanner.java:232)
	at java.util.TimerThread.mainLoop(Timer.java:555)
	at java.util.TimerThread.run(Timer.java:505)
[2014-03-13 14:57:41,819] ERROR Destroy method on bean with name '(inner bean)#1' threw an exception
java.lang.NoClassDefFoundError: Could not initialize class org.springframework.orm.jpa.EntityManagerFactoryUtils
	at org.springframework.orm.jpa.support.PersistenceAnnotationBeanPostProcessor.postProcessBeforeDestruction(PersistenceAnnotationBeanPostProcessor.java:374)
	at org.springframework.beans.factory.support.DisposableBeanAdapter.destroy(DisposableBeanAdapter.java:238)
	at org.springframework.beans.factory.support.DefaultSingletonBeanRegistry.destroyBean(DefaultSingletonBeanRegistry.java:540)
	at org.springframework.beans.factory.support.DefaultSingletonBeanRegistry.destroySingleton(DefaultSingletonBeanRegistry.java:516)
	at org.springframework.beans.factory.support.DefaultListableBeanFactory.destroySingleton(DefaultListableBeanFactory.java:824)
	at org.springframework.beans.factory.support.DefaultSingletonBeanRegistry.destroyBean(DefaultSingletonBeanRegistry.java:551)
	at org.springframework.beans.factory.support.DefaultSingletonBeanRegistry.destroySingleton(DefaultSingletonBeanRegistry.java:516)
	at org.springframework.beans.factory.support.DefaultListableBeanFactory.destroySingleton(DefaultListableBeanFactory.java:824)
	at org.springframework.beans.factory.support.DefaultSingletonBeanRegistry.destroyBean(DefaultSingletonBeanRegistry.java:551)
	at org.springframework.beans.factory.support.DefaultSingletonBeanRegistry.destroySingleton(DefaultSingletonBeanRegistry.java:516)
	at org.springframework.beans.factory.support.DefaultListableBeanFactory.destroySingleton(DefaultListableBeanFactory.java:824)
	at org.springframework.beans.factory.support.DefaultSingletonBeanRegistry.destroySingletons(DefaultSingletonBeanRegistry.java:485)
	at org.springframework.context.support.AbstractApplicationContext.destroyBeans(AbstractApplicationContext.java:921)
	at org.springframework.context.support.AbstractApplicationContext.refresh(AbstractApplicationContext.java:490)
	at org.springframework.web.context.ContextLoader.configureAndRefreshWebApplicationContext(ContextLoader.java:403)
	at org.springframework.web.context.ContextLoader.initWebApplicationContext(ContextLoader.java:306)
	at org.springframework.web.context.ContextLoaderListener.contextInitialized(ContextLoaderListener.java:106)
	at org.mortbay.jetty.handler.ContextHandler.startContext(ContextHandler.java:549)
	at org.mortbay.jetty.servlet.Context.startContext(Context.java:136)
	at org.mortbay.jetty.webapp.WebAppContext.startContext(WebAppContext.java:1282)
	at org.mortbay.jetty.handler.ContextHandler.doStart(ContextHandler.java:518)
	at org.mortbay.jetty.webapp.WebAppContext.doStart(WebAppContext.java:499)
	at org.mortbay.jetty.plugin.Jetty6PluginWebAppContext.doStart(Jetty6PluginWebAppContext.java:115)
	at org.mortbay.component.AbstractLifeCycle.start(AbstractLifeCycle.java:50)
	at org.mortbay.jetty.plugin.AbstractJettyRunMojo.restartWebApp(AbstractJettyRunMojo.java:458)
	at org.mortbay.jetty.plugin.AbstractJettyRunMojo$1.filesChanged(AbstractJettyRunMojo.java:419)
	at org.mortbay.util.Scanner.reportBulkChanges(Scanner.java:486)
	at org.mortbay.util.Scanner.reportDifferences(Scanner.java:352)
	at org.mortbay.util.Scanner.scan(Scanner.java:280)
	at org.mortbay.util.Scanner$1.run(Scanner.java:232)
	at java.util.TimerThread.mainLoop(Timer.java:555)
	at java.util.TimerThread.run(Timer.java:505)
[2014-03-13 14:57:41,822] ERROR Destroy method on bean with name '(inner bean)#2' threw an exception
java.lang.NoClassDefFoundError: Could not initialize class org.springframework.orm.jpa.EntityManagerFactoryUtils
	at org.springframework.orm.jpa.support.PersistenceAnnotationBeanPostProcessor.postProcessBeforeDestruction(PersistenceAnnotationBeanPostProcessor.java:374)
	at org.springframework.beans.factory.support.DisposableBeanAdapter.destroy(DisposableBeanAdapter.java:238)
	at org.springframework.beans.factory.support.DefaultSingletonBeanRegistry.destroyBean(DefaultSingletonBeanRegistry.java:540)
	at org.springframework.beans.factory.support.DefaultSingletonBeanRegistry.destroySingleton(DefaultSingletonBeanRegistry.java:516)
	at org.springframework.beans.factory.support.DefaultListableBeanFactory.destroySingleton(DefaultListableBeanFactory.java:824)
	at org.springframework.beans.factory.support.DefaultSingletonBeanRegistry.destroyBean(DefaultSingletonBeanRegistry.java:551)
	at org.springframework.beans.factory.support.DefaultSingletonBeanRegistry.destroySingleton(DefaultSingletonBeanRegistry.java:516)
	at org.springframework.beans.factory.support.DefaultListableBeanFactory.destroySingleton(DefaultListableBeanFactory.java:824)
	at org.springframework.beans.factory.support.DefaultSingletonBeanRegistry.destroySingletons(DefaultSingletonBeanRegistry.java:485)
	at org.springframework.context.support.AbstractApplicationContext.destroyBeans(AbstractApplicationContext.java:921)
	at org.springframework.context.support.AbstractApplicationContext.refresh(AbstractApplicationContext.java:490)
	at org.springframework.web.context.ContextLoader.configureAndRefreshWebApplicationContext(ContextLoader.java:403)
	at org.springframework.web.context.ContextLoader.initWebApplicationContext(ContextLoader.java:306)
	at org.springframework.web.context.ContextLoaderListener.contextInitialized(ContextLoaderListener.java:106)
	at org.mortbay.jetty.handler.ContextHandler.startContext(ContextHandler.java:549)
	at org.mortbay.jetty.servlet.Context.startContext(Context.java:136)
	at org.mortbay.jetty.webapp.WebAppContext.startContext(WebAppContext.java:1282)
	at org.mortbay.jetty.handler.ContextHandler.doStart(ContextHandler.java:518)
	at org.mortbay.jetty.webapp.WebAppContext.doStart(WebAppContext.java:499)
	at org.mortbay.jetty.plugin.Jetty6PluginWebAppContext.doStart(Jetty6PluginWebAppContext.java:115)
	at org.mortbay.component.AbstractLifeCycle.start(AbstractLifeCycle.java:50)
	at org.mortbay.jetty.plugin.AbstractJettyRunMojo.restartWebApp(AbstractJettyRunMojo.java:458)
	at org.mortbay.jetty.plugin.AbstractJettyRunMojo$1.filesChanged(AbstractJettyRunMojo.java:419)
	at org.mortbay.util.Scanner.reportBulkChanges(Scanner.java:486)
	at org.mortbay.util.Scanner.reportDifferences(Scanner.java:352)
	at org.mortbay.util.Scanner.scan(Scanner.java:280)
	at org.mortbay.util.Scanner$1.run(Scanner.java:232)
	at java.util.TimerThread.mainLoop(Timer.java:555)
	at java.util.TimerThread.run(Timer.java:505)
[2014-03-13 14:57:41,824] ERROR Destroy method on bean with name 'org.springframework.security.access.expression.method.DefaultMethodSecurityExpressionHandler#0' threw an exception
java.lang.NoClassDefFoundError: Could not initialize class org.springframework.orm.jpa.EntityManagerFactoryUtils
	at org.springframework.orm.jpa.support.PersistenceAnnotationBeanPostProcessor.postProcessBeforeDestruction(PersistenceAnnotationBeanPostProcessor.java:374)
	at org.springframework.beans.factory.support.DisposableBeanAdapter.destroy(DisposableBeanAdapter.java:238)
	at org.springframework.beans.factory.support.DefaultSingletonBeanRegistry.destroyBean(DefaultSingletonBeanRegistry.java:540)
	at org.springframework.beans.factory.support.DefaultSingletonBeanRegistry.destroySingleton(DefaultSingletonBeanRegistry.java:516)
	at org.springframework.beans.factory.support.DefaultListableBeanFactory.destroySingleton(DefaultListableBeanFactory.java:824)
	at org.springframework.beans.factory.support.DefaultSingletonBeanRegistry.destroySingletons(DefaultSingletonBeanRegistry.java:485)
	at org.springframework.context.support.AbstractApplicationContext.destroyBeans(AbstractApplicationContext.java:921)
	at org.springframework.context.support.AbstractApplicationContext.refresh(AbstractApplicationContext.java:490)
	at org.springframework.web.context.ContextLoader.configureAndRefreshWebApplicationContext(ContextLoader.java:403)
	at org.springframework.web.context.ContextLoader.initWebApplicationContext(ContextLoader.java:306)
	at org.springframework.web.context.ContextLoaderListener.contextInitialized(ContextLoaderListener.java:106)
	at org.mortbay.jetty.handler.ContextHandler.startContext(ContextHandler.java:549)
	at org.mortbay.jetty.servlet.Context.startContext(Context.java:136)
	at org.mortbay.jetty.webapp.WebAppContext.startContext(WebAppContext.java:1282)
	at org.mortbay.jetty.handler.ContextHandler.doStart(ContextHandler.java:518)
	at org.mortbay.jetty.webapp.WebAppContext.doStart(WebAppContext.java:499)
	at org.mortbay.jetty.plugin.Jetty6PluginWebAppContext.doStart(Jetty6PluginWebAppContext.java:115)
	at org.mortbay.component.AbstractLifeCycle.start(AbstractLifeCycle.java:50)
	at org.mortbay.jetty.plugin.AbstractJettyRunMojo.restartWebApp(AbstractJettyRunMojo.java:458)
	at org.mortbay.jetty.plugin.AbstractJettyRunMojo$1.filesChanged(AbstractJettyRunMojo.java:419)
	at org.mortbay.util.Scanner.reportBulkChanges(Scanner.java:486)
	at org.mortbay.util.Scanner.reportDifferences(Scanner.java:352)
	at org.mortbay.util.Scanner.scan(Scanner.java:280)
	at org.mortbay.util.Scanner$1.run(Scanner.java:232)
	at java.util.TimerThread.mainLoop(Timer.java:555)
	at java.util.TimerThread.run(Timer.java:505)
[2014-03-13 14:57:41,827] ERROR Destroy method on bean with name 'org.springframework.aop.config.internalAutoProxyCreator' threw an exception
java.lang.NoClassDefFoundError: Could not initialize class org.springframework.orm.jpa.EntityManagerFactoryUtils
	at org.springframework.orm.jpa.support.PersistenceAnnotationBeanPostProcessor.postProcessBeforeDestruction(PersistenceAnnotationBeanPostProcessor.java:374)
	at org.springframework.beans.factory.support.DisposableBeanAdapter.destroy(DisposableBeanAdapter.java:238)
	at org.springframework.beans.factory.support.DefaultSingletonBeanRegistry.destroyBean(DefaultSingletonBeanRegistry.java:540)
	at org.springframework.beans.factory.support.DefaultSingletonBeanRegistry.destroySingleton(DefaultSingletonBeanRegistry.java:516)
	at org.springframework.beans.factory.support.DefaultListableBeanFactory.destroySingleton(DefaultListableBeanFactory.java:824)
	at org.springframework.beans.factory.support.DefaultSingletonBeanRegistry.destroySingletons(DefaultSingletonBeanRegistry.java:485)
	at org.springframework.context.support.AbstractApplicationContext.destroyBeans(AbstractApplicationContext.java:921)
	at org.springframework.context.support.AbstractApplicationContext.refresh(AbstractApplicationContext.java:490)
	at org.springframework.web.context.ContextLoader.configureAndRefreshWebApplicationContext(ContextLoader.java:403)
	at org.springframework.web.context.ContextLoader.initWebApplicationContext(ContextLoader.java:306)
	at org.springframework.web.context.ContextLoaderListener.contextInitialized(ContextLoaderListener.java:106)
	at org.mortbay.jetty.handler.ContextHandler.startContext(ContextHandler.java:549)
	at org.mortbay.jetty.servlet.Context.startContext(Context.java:136)
	at org.mortbay.jetty.webapp.WebAppContext.startContext(WebAppContext.java:1282)
	at org.mortbay.jetty.handler.ContextHandler.doStart(ContextHandler.java:518)
	at org.mortbay.jetty.webapp.WebAppContext.doStart(WebAppContext.java:499)
	at org.mortbay.jetty.plugin.Jetty6PluginWebAppContext.doStart(Jetty6PluginWebAppContext.java:115)
	at org.mortbay.component.AbstractLifeCycle.start(AbstractLifeCycle.java:50)
	at org.mortbay.jetty.plugin.AbstractJettyRunMojo.restartWebApp(AbstractJettyRunMojo.java:458)
	at org.mortbay.jetty.plugin.AbstractJettyRunMojo$1.filesChanged(AbstractJettyRunMojo.java:419)
	at org.mortbay.util.Scanner.reportBulkChanges(Scanner.java:486)
	at org.mortbay.util.Scanner.reportDifferences(Scanner.java:352)
	at org.mortbay.util.Scanner.scan(Scanner.java:280)
	at org.mortbay.util.Scanner$1.run(Scanner.java:232)
	at java.util.TimerThread.mainLoop(Timer.java:555)
	at java.util.TimerThread.run(Timer.java:505)
[2014-03-13 14:57:41,829] ERROR Context initialization failed
org.springframework.beans.factory.BeanCreationException: Error creating bean with name 'entityManagerFactory' defined in class path resource [META-INF/persistence-context.xml]: Invocation of init method failed; nested exception is java.lang.OutOfMemoryError: PermGen space
	at org.springframework.beans.factory.support.AbstractAutowireCapableBeanFactory.initializeBean(AbstractAutowireCapableBeanFactory.java:1553)
	at org.springframework.beans.factory.support.AbstractAutowireCapableBeanFactory.doCreateBean(AbstractAutowireCapableBeanFactory.java:539)
	at org.springframework.beans.factory.support.AbstractAutowireCapableBeanFactory.createBean(AbstractAutowireCapableBeanFactory.java:475)
	at org.springframework.beans.factory.support.AbstractBeanFactory$1.getObject(AbstractBeanFactory.java:304)
	at org.springframework.beans.factory.support.DefaultSingletonBeanRegistry.getSingleton(DefaultSingletonBeanRegistry.java:228)
	at org.springframework.beans.factory.support.AbstractBeanFactory.doGetBean(AbstractBeanFactory.java:300)
	at org.springframework.beans.factory.support.AbstractBeanFactory.getBean(AbstractBeanFactory.java:195)
	at org.springframework.context.support.AbstractApplicationContext.getBean(AbstractApplicationContext.java:973)
	at org.springframework.context.support.AbstractApplicationContext.finishBeanFactoryInitialization(AbstractApplicationContext.java:750)
	at org.springframework.context.support.AbstractApplicationContext.refresh(AbstractApplicationContext.java:482)
	at org.springframework.web.context.ContextLoader.configureAndRefreshWebApplicationContext(ContextLoader.java:403)
	at org.springframework.web.context.ContextLoader.initWebApplicationContext(ContextLoader.java:306)
	at org.springframework.web.context.ContextLoaderListener.contextInitialized(ContextLoaderListener.java:106)
	at org.mortbay.jetty.handler.ContextHandler.startContext(ContextHandler.java:549)
	at org.mortbay.jetty.servlet.Context.startContext(Context.java:136)
	at org.mortbay.jetty.webapp.WebAppContext.startContext(WebAppContext.java:1282)
	at org.mortbay.jetty.handler.ContextHandler.doStart(ContextHandler.java:518)
	at org.mortbay.jetty.webapp.WebAppContext.doStart(WebAppContext.java:499)
	at org.mortbay.jetty.plugin.Jetty6PluginWebAppContext.doStart(Jetty6PluginWebAppContext.java:115)
	at org.mortbay.component.AbstractLifeCycle.start(AbstractLifeCycle.java:50)
	at org.mortbay.jetty.plugin.AbstractJettyRunMojo.restartWebApp(AbstractJettyRunMojo.java:458)
	at org.mortbay.jetty.plugin.AbstractJettyRunMojo$1.filesChanged(AbstractJettyRunMojo.java:419)
	at org.mortbay.util.Scanner.reportBulkChanges(Scanner.java:486)
	at org.mortbay.util.Scanner.reportDifferences(Scanner.java:352)
	at org.mortbay.util.Scanner.scan(Scanner.java:280)
	at org.mortbay.util.Scanner$1.run(Scanner.java:232)
	at java.util.TimerThread.mainLoop(Timer.java:555)
	at java.util.TimerThread.run(Timer.java:505)
Caused by: java.lang.OutOfMemoryError: PermGen space
	at java.lang.ClassLoader.defineClass1(Native Method)
	at java.lang.ClassLoader.defineClass(ClassLoader.java:792)
	at java.security.SecureClassLoader.defineClass(SecureClassLoader.java:142)
	at java.net.URLClassLoader.defineClass(URLClassLoader.java:449)
	at java.net.URLClassLoader.access$100(URLClassLoader.java:71)
	at java.net.URLClassLoader$1.run(URLClassLoader.java:361)
	at java.net.URLClassLoader$1.run(URLClassLoader.java:355)
	at java.security.AccessController.doPrivileged(Native Method)
	at java.net.URLClassLoader.findClass(URLClassLoader.java:354)
	at org.mortbay.jetty.webapp.WebAppClassLoader.loadClass(WebAppClassLoader.java:392)
	at org.mortbay.jetty.webapp.WebAppClassLoader.loadClass(WebAppClassLoader.java:363)
	at java.lang.ClassLoader.defineClass1(Native Method)
	at java.lang.ClassLoader.defineClass(ClassLoader.java:792)
	at java.security.SecureClassLoader.defineClass(SecureClassLoader.java:142)
	at java.net.URLClassLoader.defineClass(URLClassLoader.java:449)
	at java.net.URLClassLoader.access$100(URLClassLoader.java:71)
	at java.net.URLClassLoader$1.run(URLClassLoader.java:361)
	at java.net.URLClassLoader$1.run(URLClassLoader.java:355)
	at java.security.AccessController.doPrivileged(Native Method)
	at java.net.URLClassLoader.findClass(URLClassLoader.java:354)
	at org.mortbay.jetty.webapp.WebAppClassLoader.loadClass(WebAppClassLoader.java:392)
	at org.mortbay.jetty.webapp.WebAppClassLoader.loadClass(WebAppClassLoader.java:363)
	at org.hibernate.annotations.common.reflection.java.JavaReflectionManager.getXMethod(JavaReflectionManager.java:197)
	at org.hibernate.annotations.common.reflection.java.JavaXClass.getDeclaredMethods(JavaXClass.java:137)
	at org.hibernate.jpa.event.internal.jpa.LegacyCallbackProcessor.resolveCallbacks(LegacyCallbackProcessor.java:88)
	at org.hibernate.jpa.event.internal.jpa.LegacyCallbackProcessor.processCallbacksForEntity(LegacyCallbackProcessor.java:70)
	at org.hibernate.jpa.event.spi.JpaIntegrator.integrate(JpaIntegrator.java:150)
	at org.hibernate.internal.SessionFactoryImpl.<init>(SessionFactoryImpl.java:312)
	at org.hibernate.cfg.Configuration.buildSessionFactory(Configuration.java:1857)
	at org.hibernate.jpa.boot.internal.EntityManagerFactoryBuilderImpl$4.perform(EntityManagerFactoryBuilderImpl.java:850)
	at org.hibernate.jpa.boot.internal.EntityManagerFactoryBuilderImpl$4.perform(EntityManagerFactoryBuilderImpl.java:843)
	at org.hibernate.boot.registry.classloading.internal.ClassLoaderServiceImpl.withTccl(ClassLoaderServiceImpl.java:397)
